======== CPU MEMORY LOG ========
CACHE sets=64 ways=8 cl_size=64 cl_bits=6
======== START STORE-1 ========
L1 STORE=0 NT=0 addr=8 length=4 cl_id=0 sets=64 location=-1
L1 CACHED [0, 4261109, 0, 25232629, 853010, 3212308, 1639443, 16843799]
L1 MISS self->LOAD=1 addr=0 length=64 cl_id=0 set_id=0
L2 CACHED [-810610879, 1291784020, 1288725897, -2061439807, 1207959553, -1991902839, -5304511, 257199426]
L2 MISS self->LOAD=1 addr=0 length=64 cl_id=0 set_id=0
L2 REPLACED cl_id=257199426 invalid=1 dirty=0
L1 REPLACED cl_id=16843799 invalid=1 dirty=0
======== END STORE-1 ========
======== START STORE-2 ========
L1 STORE=1 NT=0 addr=8 length=4 cl_id=0 sets=64 location=0
======== END STORE-2 ========
======== START STORE-3 ========
L1 STORE=1 NT=0 addr=8 length=4 cl_id=0 sets=64 location=0
======== END STORE-3 ========
======== START STORE-4 ========
L1 STORE=1 NT=0 addr=8 length=4 cl_id=0 sets=64 location=0
======== END STORE-4 ========
======== START STORE-5 ========
L1 STORE=1 NT=0 addr=8 length=4 cl_id=0 sets=64 location=0
======== END STORE-5 ========
======== START STORE-6 ========
L1 STORE=1 NT=0 addr=8 length=4 cl_id=0 sets=64 location=0
======== END STORE-6 ========
======== START STORE-7 ========
L1 STORE=1 NT=0 addr=8 length=4 cl_id=0 sets=64 location=0
======== END STORE-7 ========
======== START STORE-8 ========
L1 STORE=1 NT=0 addr=8 length=4 cl_id=0 sets=64 location=0
======== END STORE-8 ========
======== START STORE-9 ========
L1 STORE=1 NT=0 addr=8 length=4 cl_id=0 sets=64 location=0
======== END STORE-9 ========
======== START STORE-10 ========
L1 STORE=1 NT=0 addr=8 length=4 cl_id=0 sets=64 location=0
======== END STORE-10 ========
======== START STORE-11 ========
L1 STORE=1 NT=0 addr=8 length=4 cl_id=0 sets=64 location=0
======== END STORE-11 ========
======== START STORE-12 ========
L1 STORE=1 NT=0 addr=8 length=4 cl_id=0 sets=64 location=0
======== END STORE-12 ========
======== START STORE-13 ========
L1 STORE=1 NT=0 addr=8 length=4 cl_id=0 sets=64 location=0
======== END STORE-13 ========
======== START STORE-14 ========
L1 STORE=1 NT=0 addr=8 length=4 cl_id=0 sets=64 location=0
======== END STORE-14 ========
======== START STORE-15 ========
L1 STORE=1 NT=0 addr=8 length=4 cl_id=0 sets=64 location=0
======== END STORE-15 ========
======== START STORE-16 ========
L1 STORE=1 NT=0 addr=8 length=4 cl_id=0 sets=64 location=0
======== END STORE-16 ========
======== START STORE-17 ========
L1 STORE=1 NT=0 addr=8 length=4 cl_id=0 sets=64 location=0
======== END STORE-17 ========
======== START STORE-18 ========
L1 STORE=1 NT=0 addr=8 length=4 cl_id=0 sets=64 location=0
======== END STORE-18 ========
======== START STORE-19 ========
L1 STORE=1 NT=0 addr=8 length=4 cl_id=0 sets=64 location=0
======== END STORE-19 ========
======== START STORE-20 ========
L1 STORE=1 NT=0 addr=8 length=4 cl_id=0 sets=64 location=0
======== END STORE-20 ========
======== START STORE-21 ========
L1 STORE=1 NT=0 addr=8 length=4 cl_id=0 sets=64 location=0
======== END STORE-21 ========
======== START STORE-22 ========
L1 STORE=1 NT=0 addr=8 length=4 cl_id=0 sets=64 location=0
======== END STORE-22 ========
======== START STORE-23 ========
L1 STORE=1 NT=0 addr=8 length=4 cl_id=0 sets=64 location=0
======== END STORE-23 ========
======== START STORE-24 ========
L1 STORE=1 NT=0 addr=8 length=4 cl_id=0 sets=64 location=0
======== END STORE-24 ========
======== START STORE-25 ========
L1 STORE=1 NT=0 addr=8 length=4 cl_id=0 sets=64 location=0
======== END STORE-25 ========
======== START STORE-26 ========
L1 STORE=1 NT=0 addr=8 length=4 cl_id=0 sets=64 location=0
======== END STORE-26 ========
======== START STORE-27 ========
L1 STORE=1 NT=0 addr=8 length=4 cl_id=0 sets=64 location=0
======== END STORE-27 ========
======== START STORE-28 ========
L1 STORE=1 NT=0 addr=8 length=4 cl_id=0 sets=64 location=0
======== END STORE-28 ========
======== START STORE-29 ========
L1 STORE=1 NT=0 addr=8 length=4 cl_id=0 sets=64 location=0
======== END STORE-29 ========
======== START STORE-30 ========
L1 STORE=1 NT=0 addr=8 length=4 cl_id=0 sets=64 location=0
======== END STORE-30 ========
======== START STORE-31 ========
L1 STORE=1 NT=0 addr=8 length=4 cl_id=0 sets=64 location=0
======== END STORE-31 ========
======== START STORE-32 ========
L1 STORE=1 NT=0 addr=8 length=4 cl_id=0 sets=64 location=0
======== END STORE-32 ========
======== START STORE-33 ========
L1 STORE=1 NT=0 addr=8 length=4 cl_id=0 sets=64 location=0
======== END STORE-33 ========
======== START STORE-34 ========
L1 STORE=1 NT=0 addr=8 length=4 cl_id=0 sets=64 location=0
======== END STORE-34 ========
======== START STORE-35 ========
L1 STORE=1 NT=0 addr=8 length=4 cl_id=0 sets=64 location=0
======== END STORE-35 ========
======== START STORE-36 ========
L1 STORE=1 NT=0 addr=8 length=4 cl_id=0 sets=64 location=0
======== END STORE-36 ========
======== START STORE-37 ========
L1 STORE=1 NT=0 addr=8 length=4 cl_id=0 sets=64 location=0
======== END STORE-37 ========
======== START STORE-38 ========
L1 STORE=1 NT=0 addr=8 length=4 cl_id=0 sets=64 location=0
======== END STORE-38 ========
======== START STORE-39 ========
L1 STORE=1 NT=0 addr=8 length=4 cl_id=0 sets=64 location=0
======== END STORE-39 ========
======== START STORE-40 ========
L1 STORE=1 NT=0 addr=8 length=4 cl_id=0 sets=64 location=0
======== END STORE-40 ========
======== START STORE-41 ========
L1 STORE=1 NT=0 addr=8 length=4 cl_id=0 sets=64 location=0
======== END STORE-41 ========
======== START STORE-42 ========
L1 STORE=1 NT=0 addr=8 length=4 cl_id=0 sets=64 location=0
======== END STORE-42 ========
======== START STORE-43 ========
L1 STORE=1 NT=0 addr=8 length=4 cl_id=0 sets=64 location=0
======== END STORE-43 ========
======== START STORE-44 ========
L1 STORE=1 NT=0 addr=8 length=4 cl_id=0 sets=64 location=0
======== END STORE-44 ========
======== START STORE-45 ========
L1 STORE=1 NT=0 addr=8 length=4 cl_id=0 sets=64 location=0
======== END STORE-45 ========
======== START STORE-46 ========
L1 STORE=1 NT=0 addr=8 length=4 cl_id=0 sets=64 location=0
======== END STORE-46 ========
======== START STORE-47 ========
L1 STORE=1 NT=0 addr=8 length=4 cl_id=0 sets=64 location=0
======== END STORE-47 ========
======== START STORE-48 ========
L1 STORE=1 NT=0 addr=8 length=4 cl_id=0 sets=64 location=0
======== END STORE-48 ========
======== START STORE-49 ========
L1 STORE=1 NT=0 addr=8 length=4 cl_id=0 sets=64 location=0
======== END STORE-49 ========
======== START STORE-50 ========
L1 STORE=1 NT=0 addr=8 length=4 cl_id=0 sets=64 location=0
======== END STORE-50 ========
======== START STORE-51 ========
L1 STORE=1 NT=0 addr=8 length=4 cl_id=0 sets=64 location=0
======== END STORE-51 ========
======== START STORE-52 ========
L1 STORE=1 NT=0 addr=8 length=4 cl_id=0 sets=64 location=0
======== END STORE-52 ========
======== START STORE-53 ========
L1 STORE=1 NT=0 addr=8 length=4 cl_id=0 sets=64 location=0
======== END STORE-53 ========
======== START STORE-54 ========
L1 STORE=1 NT=0 addr=8 length=4 cl_id=0 sets=64 location=0
======== END STORE-54 ========
======== START STORE-55 ========
L1 STORE=1 NT=0 addr=8 length=4 cl_id=0 sets=64 location=0
======== END STORE-55 ========
======== START STORE-56 ========
L1 STORE=1 NT=0 addr=8 length=4 cl_id=0 sets=64 location=0
======== END STORE-56 ========
======== START STORE-57 ========
L1 STORE=1 NT=0 addr=8 length=4 cl_id=0 sets=64 location=0
======== END STORE-57 ========
======== START STORE-58 ========
L1 STORE=1 NT=0 addr=8 length=4 cl_id=0 sets=64 location=0
======== END STORE-58 ========
======== START STORE-59 ========
L1 STORE=1 NT=0 addr=8 length=4 cl_id=0 sets=64 location=0
======== END STORE-59 ========
======== START STORE-60 ========
L1 STORE=1 NT=0 addr=8 length=4 cl_id=0 sets=64 location=0
======== END STORE-60 ========
======== START STORE-61 ========
L1 STORE=1 NT=0 addr=8 length=4 cl_id=0 sets=64 location=0
======== END STORE-61 ========
======== START STORE-62 ========
L1 STORE=1 NT=0 addr=8 length=4 cl_id=0 sets=64 location=0
======== END STORE-62 ========
======== START STORE-63 ========
L1 STORE=1 NT=0 addr=8 length=4 cl_id=0 sets=64 location=0
======== END STORE-63 ========
======== START STORE-64 ========
L1 STORE=1 NT=0 addr=8 length=4 cl_id=0 sets=64 location=0
======== END STORE-64 ========
======== START STORE-65 ========
L1 STORE=1 NT=0 addr=8 length=4 cl_id=0 sets=64 location=0
======== END STORE-65 ========
======== START STORE-66 ========
L1 STORE=1 NT=0 addr=8 length=4 cl_id=0 sets=64 location=0
======== END STORE-66 ========
======== START STORE-67 ========
L1 STORE=1 NT=0 addr=8 length=4 cl_id=0 sets=64 location=0
======== END STORE-67 ========
======== START STORE-68 ========
L1 STORE=1 NT=0 addr=8 length=4 cl_id=0 sets=64 location=0
======== END STORE-68 ========
======== START STORE-69 ========
L1 STORE=1 NT=0 addr=8 length=4 cl_id=0 sets=64 location=0
======== END STORE-69 ========
======== START STORE-70 ========
L1 STORE=1 NT=0 addr=8 length=4 cl_id=0 sets=64 location=0
======== END STORE-70 ========
======== START STORE-71 ========
L1 STORE=1 NT=0 addr=8 length=4 cl_id=0 sets=64 location=0
======== END STORE-71 ========
======== START STORE-72 ========
L1 STORE=1 NT=0 addr=8 length=4 cl_id=0 sets=64 location=0
======== END STORE-72 ========
======== START STORE-73 ========
L1 STORE=1 NT=0 addr=8 length=4 cl_id=0 sets=64 location=0
======== END STORE-73 ========
======== START STORE-74 ========
L1 STORE=1 NT=0 addr=8 length=4 cl_id=0 sets=64 location=0
======== END STORE-74 ========
======== START STORE-75 ========
L1 STORE=1 NT=0 addr=8 length=4 cl_id=0 sets=64 location=0
======== END STORE-75 ========
======== START STORE-76 ========
L1 STORE=1 NT=0 addr=8 length=4 cl_id=0 sets=64 location=0
======== END STORE-76 ========
======== START STORE-77 ========
L1 STORE=1 NT=0 addr=8 length=4 cl_id=0 sets=64 location=0
======== END STORE-77 ========
======== START STORE-78 ========
L1 STORE=1 NT=0 addr=8 length=4 cl_id=0 sets=64 location=0
======== END STORE-78 ========
======== START STORE-79 ========
L1 STORE=1 NT=0 addr=8 length=4 cl_id=0 sets=64 location=0
======== END STORE-79 ========
======== START STORE-80 ========
L1 STORE=1 NT=0 addr=8 length=4 cl_id=0 sets=64 location=0
======== END STORE-80 ========
======== START STORE-81 ========
L1 STORE=1 NT=0 addr=8 length=4 cl_id=0 sets=64 location=0
======== END STORE-81 ========
======== START STORE-82 ========
L1 STORE=1 NT=0 addr=8 length=4 cl_id=0 sets=64 location=0
======== END STORE-82 ========
======== START STORE-83 ========
L1 STORE=1 NT=0 addr=8 length=4 cl_id=0 sets=64 location=0
======== END STORE-83 ========
======== START STORE-84 ========
L1 STORE=1 NT=0 addr=8 length=4 cl_id=0 sets=64 location=0
======== END STORE-84 ========
======== START STORE-85 ========
L1 STORE=1 NT=0 addr=8 length=4 cl_id=0 sets=64 location=0
======== END STORE-85 ========
======== START STORE-86 ========
L1 STORE=1 NT=0 addr=8 length=4 cl_id=0 sets=64 location=0
======== END STORE-86 ========
======== START STORE-87 ========
L1 STORE=1 NT=0 addr=8 length=4 cl_id=0 sets=64 location=0
======== END STORE-87 ========
======== START STORE-88 ========
L1 STORE=1 NT=0 addr=8 length=4 cl_id=0 sets=64 location=0
======== END STORE-88 ========
======== START STORE-89 ========
L1 STORE=1 NT=0 addr=8 length=4 cl_id=0 sets=64 location=0
======== END STORE-89 ========
======== START STORE-90 ========
L1 STORE=1 NT=0 addr=8 length=4 cl_id=0 sets=64 location=0
======== END STORE-90 ========
======== START STORE-91 ========
L1 STORE=1 NT=0 addr=8 length=4 cl_id=0 sets=64 location=0
======== END STORE-91 ========
======== START STORE-92 ========
L1 STORE=1 NT=0 addr=8 length=4 cl_id=0 sets=64 location=0
======== END STORE-92 ========
======== START STORE-93 ========
L1 STORE=1 NT=0 addr=8 length=4 cl_id=0 sets=64 location=0
======== END STORE-93 ========
======== START STORE-94 ========
L1 STORE=1 NT=0 addr=8 length=4 cl_id=0 sets=64 location=0
======== END STORE-94 ========
======== START STORE-95 ========
L1 STORE=1 NT=0 addr=8 length=4 cl_id=0 sets=64 location=0
======== END STORE-95 ========
======== START STORE-96 ========
L1 STORE=1 NT=0 addr=8 length=4 cl_id=0 sets=64 location=0
======== END STORE-96 ========
======== START STORE-97 ========
L1 STORE=1 NT=0 addr=8 length=4 cl_id=0 sets=64 location=0
======== END STORE-97 ========
======== START STORE-98 ========
L1 STORE=1 NT=0 addr=8 length=4 cl_id=0 sets=64 location=0
======== END STORE-98 ========
======== START STORE-99 ========
L1 STORE=1 NT=0 addr=8 length=4 cl_id=0 sets=64 location=0
======== END STORE-99 ========
======== START STORE-100 ========
L1 STORE=1 NT=0 addr=8 length=4 cl_id=0 sets=64 location=0
======== END STORE-100 ========
======== START STORE-101 ========
L1 STORE=1 NT=0 addr=8 length=4 cl_id=0 sets=64 location=0
======== END STORE-101 ========
======== START STORE-102 ========
L1 STORE=1 NT=0 addr=8 length=4 cl_id=0 sets=64 location=0
======== END STORE-102 ========
======== START STORE-103 ========
L1 STORE=1 NT=0 addr=8 length=4 cl_id=0 sets=64 location=0
======== END STORE-103 ========
======== START STORE-104 ========
L1 STORE=1 NT=0 addr=8 length=4 cl_id=0 sets=64 location=0
======== END STORE-104 ========
======== START STORE-105 ========
L1 STORE=1 NT=0 addr=8 length=4 cl_id=0 sets=64 location=0
======== END STORE-105 ========
======== START STORE-106 ========
L1 STORE=1 NT=0 addr=8 length=4 cl_id=0 sets=64 location=0
======== END STORE-106 ========
======== START STORE-107 ========
L1 STORE=1 NT=0 addr=8 length=4 cl_id=0 sets=64 location=0
======== END STORE-107 ========
======== START STORE-108 ========
L1 STORE=1 NT=0 addr=8 length=4 cl_id=0 sets=64 location=0
======== END STORE-108 ========
======== START STORE-109 ========
L1 STORE=1 NT=0 addr=8 length=4 cl_id=0 sets=64 location=0
======== END STORE-109 ========
======== START STORE-110 ========
L1 STORE=1 NT=0 addr=8 length=4 cl_id=0 sets=64 location=0
======== END STORE-110 ========
======== START STORE-111 ========
L1 STORE=1 NT=0 addr=8 length=4 cl_id=0 sets=64 location=0
======== END STORE-111 ========
======== START STORE-112 ========
L1 STORE=1 NT=0 addr=8 length=4 cl_id=0 sets=64 location=0
======== END STORE-112 ========
======== START STORE-113 ========
L1 STORE=1 NT=0 addr=8 length=4 cl_id=0 sets=64 location=0
======== END STORE-113 ========
======== START STORE-114 ========
L1 STORE=1 NT=0 addr=8 length=4 cl_id=0 sets=64 location=0
======== END STORE-114 ========
======== START STORE-115 ========
L1 STORE=1 NT=0 addr=8 length=4 cl_id=0 sets=64 location=0
======== END STORE-115 ========
======== START STORE-116 ========
L1 STORE=1 NT=0 addr=8 length=4 cl_id=0 sets=64 location=0
======== END STORE-116 ========
======== START STORE-117 ========
L1 STORE=1 NT=0 addr=8 length=4 cl_id=0 sets=64 location=0
======== END STORE-117 ========
======== START STORE-118 ========
L1 STORE=1 NT=0 addr=8 length=4 cl_id=0 sets=64 location=0
======== END STORE-118 ========
======== START STORE-119 ========
L1 STORE=1 NT=0 addr=8 length=4 cl_id=0 sets=64 location=0
======== END STORE-119 ========
======== START STORE-120 ========
L1 STORE=1 NT=0 addr=8 length=4 cl_id=0 sets=64 location=0
======== END STORE-120 ========
======== START STORE-121 ========
L1 STORE=1 NT=0 addr=8 length=4 cl_id=0 sets=64 location=0
======== END STORE-121 ========
======== START STORE-122 ========
L1 STORE=1 NT=0 addr=8 length=4 cl_id=0 sets=64 location=0
======== END STORE-122 ========
======== START STORE-123 ========
L1 STORE=1 NT=0 addr=8 length=4 cl_id=0 sets=64 location=0
======== END STORE-123 ========
======== START STORE-124 ========
L1 STORE=1 NT=0 addr=8 length=4 cl_id=0 sets=64 location=0
======== END STORE-124 ========
======== START STORE-125 ========
L1 STORE=1 NT=0 addr=8 length=4 cl_id=0 sets=64 location=0
======== END STORE-125 ========
======== START STORE-126 ========
L1 STORE=1 NT=0 addr=8 length=4 cl_id=0 sets=64 location=0
======== END STORE-126 ========
======== START STORE-127 ========
L1 STORE=1 NT=0 addr=8 length=4 cl_id=0 sets=64 location=0
======== END STORE-127 ========
======== START STORE-128 ========
L1 STORE=1 NT=0 addr=8 length=4 cl_id=0 sets=64 location=0
======== END STORE-128 ========
======== START STORE-129 ========
L1 STORE=1 NT=0 addr=8 length=4 cl_id=0 sets=64 location=0
======== END STORE-129 ========
======== START STORE-130 ========
L1 STORE=1 NT=0 addr=8 length=4 cl_id=0 sets=64 location=0
======== END STORE-130 ========
======== START STORE-131 ========
L1 STORE=1 NT=0 addr=8 length=4 cl_id=0 sets=64 location=0
======== END STORE-131 ========
======== START STORE-132 ========
L1 STORE=1 NT=0 addr=8 length=4 cl_id=0 sets=64 location=0
======== END STORE-132 ========
======== START STORE-133 ========
L1 STORE=1 NT=0 addr=8 length=4 cl_id=0 sets=64 location=0
======== END STORE-133 ========
======== START STORE-134 ========
L1 STORE=1 NT=0 addr=8 length=4 cl_id=0 sets=64 location=0
======== END STORE-134 ========
======== START STORE-135 ========
L1 STORE=1 NT=0 addr=8 length=4 cl_id=0 sets=64 location=0
======== END STORE-135 ========
======== START STORE-136 ========
L1 STORE=1 NT=0 addr=8 length=4 cl_id=0 sets=64 location=0
======== END STORE-136 ========
======== START STORE-137 ========
L1 STORE=1 NT=0 addr=8 length=4 cl_id=0 sets=64 location=0
======== END STORE-137 ========
======== START STORE-138 ========
L1 STORE=1 NT=0 addr=8 length=4 cl_id=0 sets=64 location=0
======== END STORE-138 ========
======== START STORE-139 ========
L1 STORE=1 NT=0 addr=8 length=4 cl_id=0 sets=64 location=0
======== END STORE-139 ========
======== START STORE-140 ========
L1 STORE=1 NT=0 addr=8 length=4 cl_id=0 sets=64 location=0
======== END STORE-140 ========
======== START STORE-141 ========
L1 STORE=1 NT=0 addr=8 length=4 cl_id=0 sets=64 location=0
======== END STORE-141 ========
======== START STORE-142 ========
L1 STORE=1 NT=0 addr=8 length=4 cl_id=0 sets=64 location=0
======== END STORE-142 ========
======== START STORE-143 ========
L1 STORE=1 NT=0 addr=8 length=4 cl_id=0 sets=64 location=0
======== END STORE-143 ========
======== START STORE-144 ========
L1 STORE=1 NT=0 addr=8 length=4 cl_id=0 sets=64 location=0
======== END STORE-144 ========
======== START STORE-145 ========
L1 STORE=1 NT=0 addr=8 length=4 cl_id=0 sets=64 location=0
======== END STORE-145 ========
======== START STORE-146 ========
L1 STORE=1 NT=0 addr=8 length=4 cl_id=0 sets=64 location=0
======== END STORE-146 ========
======== START STORE-147 ========
L1 STORE=1 NT=0 addr=8 length=4 cl_id=0 sets=64 location=0
======== END STORE-147 ========
======== START STORE-148 ========
L1 STORE=1 NT=0 addr=8 length=4 cl_id=0 sets=64 location=0
======== END STORE-148 ========
======== START STORE-149 ========
L1 STORE=1 NT=0 addr=8 length=4 cl_id=0 sets=64 location=0
======== END STORE-149 ========
======== START STORE-150 ========
L1 STORE=1 NT=0 addr=8 length=4 cl_id=0 sets=64 location=0
======== END STORE-150 ========
======== START STORE-151 ========
L1 STORE=1 NT=0 addr=8 length=4 cl_id=0 sets=64 location=0
======== END STORE-151 ========
======== START STORE-152 ========
L1 STORE=1 NT=0 addr=8 length=4 cl_id=0 sets=64 location=0
======== END STORE-152 ========
======== START STORE-153 ========
L1 STORE=1 NT=0 addr=8 length=4 cl_id=0 sets=64 location=0
======== END STORE-153 ========
======== START STORE-154 ========
L1 STORE=1 NT=0 addr=8 length=4 cl_id=0 sets=64 location=0
======== END STORE-154 ========
======== START STORE-155 ========
L1 STORE=1 NT=0 addr=8 length=4 cl_id=0 sets=64 location=0
======== END STORE-155 ========
======== START STORE-156 ========
L1 STORE=1 NT=0 addr=8 length=4 cl_id=0 sets=64 location=0
======== END STORE-156 ========
======== START STORE-157 ========
L1 STORE=1 NT=0 addr=8 length=4 cl_id=0 sets=64 location=0
======== END STORE-157 ========
======== START STORE-158 ========
L1 STORE=1 NT=0 addr=8 length=4 cl_id=0 sets=64 location=0
======== END STORE-158 ========
======== START STORE-159 ========
L1 STORE=1 NT=0 addr=8 length=4 cl_id=0 sets=64 location=0
======== END STORE-159 ========
======== START STORE-160 ========
L1 STORE=1 NT=0 addr=8 length=4 cl_id=0 sets=64 location=0
======== END STORE-160 ========
======== START STORE-161 ========
L1 STORE=1 NT=0 addr=8 length=4 cl_id=0 sets=64 location=0
======== END STORE-161 ========
======== START STORE-162 ========
L1 STORE=1 NT=0 addr=8 length=4 cl_id=0 sets=64 location=0
======== END STORE-162 ========
======== START STORE-163 ========
L1 STORE=1 NT=0 addr=8 length=4 cl_id=0 sets=64 location=0
======== END STORE-163 ========
======== START STORE-164 ========
L1 STORE=1 NT=0 addr=8 length=4 cl_id=0 sets=64 location=0
======== END STORE-164 ========
======== START STORE-165 ========
L1 STORE=1 NT=0 addr=8 length=4 cl_id=0 sets=64 location=0
======== END STORE-165 ========
======== START STORE-166 ========
L1 STORE=1 NT=0 addr=8 length=4 cl_id=0 sets=64 location=0
======== END STORE-166 ========
======== START STORE-167 ========
L1 STORE=1 NT=0 addr=8 length=4 cl_id=0 sets=64 location=0
======== END STORE-167 ========
======== START STORE-168 ========
L1 STORE=1 NT=0 addr=8 length=4 cl_id=0 sets=64 location=0
======== END STORE-168 ========
======== START STORE-169 ========
L1 STORE=1 NT=0 addr=8 length=4 cl_id=0 sets=64 location=0
======== END STORE-169 ========
======== START STORE-170 ========
L1 STORE=1 NT=0 addr=8 length=4 cl_id=0 sets=64 location=0
======== END STORE-170 ========
======== START STORE-171 ========
L1 STORE=1 NT=0 addr=8 length=4 cl_id=0 sets=64 location=0
======== END STORE-171 ========
======== START STORE-172 ========
L1 STORE=1 NT=0 addr=8 length=4 cl_id=0 sets=64 location=0
======== END STORE-172 ========
======== START STORE-173 ========
L1 STORE=1 NT=0 addr=8 length=4 cl_id=0 sets=64 location=0
======== END STORE-173 ========
======== START STORE-174 ========
L1 STORE=1 NT=0 addr=8 length=4 cl_id=0 sets=64 location=0
======== END STORE-174 ========
======== START STORE-175 ========
L1 STORE=1 NT=0 addr=8 length=4 cl_id=0 sets=64 location=0
======== END STORE-175 ========
======== START STORE-176 ========
L1 STORE=1 NT=0 addr=8 length=4 cl_id=0 sets=64 location=0
======== END STORE-176 ========
======== START STORE-177 ========
L1 STORE=1 NT=0 addr=8 length=4 cl_id=0 sets=64 location=0
======== END STORE-177 ========
======== START STORE-178 ========
L1 STORE=1 NT=0 addr=8 length=4 cl_id=0 sets=64 location=0
======== END STORE-178 ========
======== START STORE-179 ========
L1 STORE=1 NT=0 addr=8 length=4 cl_id=0 sets=64 location=0
======== END STORE-179 ========
======== START STORE-180 ========
L1 STORE=1 NT=0 addr=8 length=4 cl_id=0 sets=64 location=0
======== END STORE-180 ========
======== START STORE-181 ========
L1 STORE=1 NT=0 addr=8 length=4 cl_id=0 sets=64 location=0
======== END STORE-181 ========
======== START STORE-182 ========
L1 STORE=1 NT=0 addr=8 length=4 cl_id=0 sets=64 location=0
======== END STORE-182 ========
======== START STORE-183 ========
L1 STORE=1 NT=0 addr=8 length=4 cl_id=0 sets=64 location=0
======== END STORE-183 ========
======== START STORE-184 ========
L1 STORE=1 NT=0 addr=8 length=4 cl_id=0 sets=64 location=0
======== END STORE-184 ========
======== START STORE-185 ========
L1 STORE=1 NT=0 addr=8 length=4 cl_id=0 sets=64 location=0
======== END STORE-185 ========
======== START STORE-186 ========
L1 STORE=1 NT=0 addr=8 length=4 cl_id=0 sets=64 location=0
======== END STORE-186 ========
======== START STORE-187 ========
L1 STORE=1 NT=0 addr=8 length=4 cl_id=0 sets=64 location=0
======== END STORE-187 ========
======== START STORE-188 ========
L1 STORE=1 NT=0 addr=8 length=4 cl_id=0 sets=64 location=0
======== END STORE-188 ========
======== START STORE-189 ========
L1 STORE=1 NT=0 addr=8 length=4 cl_id=0 sets=64 location=0
======== END STORE-189 ========
======== START STORE-190 ========
L1 STORE=1 NT=0 addr=8 length=4 cl_id=0 sets=64 location=0
======== END STORE-190 ========
======== START STORE-191 ========
L1 STORE=1 NT=0 addr=8 length=4 cl_id=0 sets=64 location=0
======== END STORE-191 ========
======== START STORE-192 ========
L1 STORE=1 NT=0 addr=8 length=4 cl_id=0 sets=64 location=0
======== END STORE-192 ========
======== START STORE-193 ========
L1 STORE=1 NT=0 addr=8 length=4 cl_id=0 sets=64 location=0
======== END STORE-193 ========
======== START STORE-194 ========
L1 STORE=1 NT=0 addr=8 length=4 cl_id=0 sets=64 location=0
======== END STORE-194 ========
======== START STORE-195 ========
L1 STORE=1 NT=0 addr=8 length=4 cl_id=0 sets=64 location=0
======== END STORE-195 ========
======== START STORE-196 ========
L1 STORE=1 NT=0 addr=8 length=4 cl_id=0 sets=64 location=0
======== END STORE-196 ========
======== START STORE-197 ========
L1 STORE=1 NT=0 addr=8 length=4 cl_id=0 sets=64 location=0
======== END STORE-197 ========
======== START STORE-198 ========
L1 STORE=1 NT=0 addr=8 length=4 cl_id=0 sets=64 location=0
======== END STORE-198 ========
======== START STORE-199 ========
L1 STORE=1 NT=0 addr=8 length=4 cl_id=0 sets=64 location=0
======== END STORE-199 ========
======== START STORE-200 ========
L1 STORE=1 NT=0 addr=8 length=4 cl_id=0 sets=64 location=0
======== END STORE-200 ========
======== START STORE-201 ========
L1 STORE=1 NT=0 addr=8 length=4 cl_id=0 sets=64 location=0
======== END STORE-201 ========
======== START STORE-202 ========
L1 STORE=1 NT=0 addr=8 length=4 cl_id=0 sets=64 location=0
======== END STORE-202 ========
======== START STORE-203 ========
L1 STORE=1 NT=0 addr=8 length=4 cl_id=0 sets=64 location=0
======== END STORE-203 ========
======== START STORE-204 ========
L1 STORE=1 NT=0 addr=8 length=4 cl_id=0 sets=64 location=0
======== END STORE-204 ========
======== START STORE-205 ========
L1 STORE=1 NT=0 addr=8 length=4 cl_id=0 sets=64 location=0
======== END STORE-205 ========
======== START STORE-206 ========
L1 STORE=1 NT=0 addr=8 length=4 cl_id=0 sets=64 location=0
======== END STORE-206 ========
======== START STORE-207 ========
L1 STORE=1 NT=0 addr=8 length=4 cl_id=0 sets=64 location=0
======== END STORE-207 ========
======== START STORE-208 ========
L1 STORE=1 NT=0 addr=8 length=4 cl_id=0 sets=64 location=0
======== END STORE-208 ========
======== START STORE-209 ========
L1 STORE=1 NT=0 addr=8 length=4 cl_id=0 sets=64 location=0
======== END STORE-209 ========
======== START STORE-210 ========
L1 STORE=1 NT=0 addr=8 length=4 cl_id=0 sets=64 location=0
======== END STORE-210 ========
======== START STORE-211 ========
L1 STORE=1 NT=0 addr=8 length=4 cl_id=0 sets=64 location=0
======== END STORE-211 ========
======== START STORE-212 ========
L1 STORE=1 NT=0 addr=8 length=4 cl_id=0 sets=64 location=0
======== END STORE-212 ========
======== START STORE-213 ========
L1 STORE=1 NT=0 addr=8 length=4 cl_id=0 sets=64 location=0
======== END STORE-213 ========
======== START STORE-214 ========
L1 STORE=1 NT=0 addr=8 length=4 cl_id=0 sets=64 location=0
======== END STORE-214 ========
======== START STORE-215 ========
L1 STORE=1 NT=0 addr=8 length=4 cl_id=0 sets=64 location=0
======== END STORE-215 ========
======== START STORE-216 ========
L1 STORE=1 NT=0 addr=8 length=4 cl_id=0 sets=64 location=0
======== END STORE-216 ========
======== START STORE-217 ========
L1 STORE=1 NT=0 addr=8 length=4 cl_id=0 sets=64 location=0
======== END STORE-217 ========
======== START STORE-218 ========
L1 STORE=1 NT=0 addr=8 length=4 cl_id=0 sets=64 location=0
======== END STORE-218 ========
======== START STORE-219 ========
L1 STORE=1 NT=0 addr=8 length=4 cl_id=0 sets=64 location=0
======== END STORE-219 ========
======== START STORE-220 ========
L1 STORE=1 NT=0 addr=8 length=4 cl_id=0 sets=64 location=0
======== END STORE-220 ========
======== START STORE-221 ========
L1 STORE=1 NT=0 addr=8 length=4 cl_id=0 sets=64 location=0
======== END STORE-221 ========
======== START STORE-222 ========
L1 STORE=1 NT=0 addr=8 length=4 cl_id=0 sets=64 location=0
======== END STORE-222 ========
======== START STORE-223 ========
L1 STORE=1 NT=0 addr=8 length=4 cl_id=0 sets=64 location=0
======== END STORE-223 ========
======== START STORE-224 ========
L1 STORE=1 NT=0 addr=8 length=4 cl_id=0 sets=64 location=0
======== END STORE-224 ========
======== START STORE-225 ========
L1 STORE=1 NT=0 addr=8 length=4 cl_id=0 sets=64 location=0
======== END STORE-225 ========
======== START STORE-226 ========
L1 STORE=1 NT=0 addr=8 length=4 cl_id=0 sets=64 location=0
======== END STORE-226 ========
======== START STORE-227 ========
L1 STORE=1 NT=0 addr=8 length=4 cl_id=0 sets=64 location=0
======== END STORE-227 ========
======== START STORE-228 ========
L1 STORE=1 NT=0 addr=8 length=4 cl_id=0 sets=64 location=0
======== END STORE-228 ========
======== START STORE-229 ========
L1 STORE=1 NT=0 addr=8 length=4 cl_id=0 sets=64 location=0
======== END STORE-229 ========
======== START STORE-230 ========
L1 STORE=1 NT=0 addr=8 length=4 cl_id=0 sets=64 location=0
======== END STORE-230 ========
======== START STORE-231 ========
L1 STORE=1 NT=0 addr=8 length=4 cl_id=0 sets=64 location=0
======== END STORE-231 ========
======== START STORE-232 ========
L1 STORE=1 NT=0 addr=8 length=4 cl_id=0 sets=64 location=0
======== END STORE-232 ========
======== START STORE-233 ========
L1 STORE=1 NT=0 addr=8 length=4 cl_id=0 sets=64 location=0
======== END STORE-233 ========
======== START STORE-234 ========
L1 STORE=1 NT=0 addr=8 length=4 cl_id=0 sets=64 location=0
======== END STORE-234 ========
======== START STORE-235 ========
L1 STORE=1 NT=0 addr=8 length=4 cl_id=0 sets=64 location=0
======== END STORE-235 ========
======== START STORE-236 ========
L1 STORE=1 NT=0 addr=8 length=4 cl_id=0 sets=64 location=0
======== END STORE-236 ========
======== START STORE-237 ========
L1 STORE=1 NT=0 addr=8 length=4 cl_id=0 sets=64 location=0
======== END STORE-237 ========
======== START STORE-238 ========
L1 STORE=1 NT=0 addr=8 length=4 cl_id=0 sets=64 location=0
======== END STORE-238 ========
======== START STORE-239 ========
L1 STORE=1 NT=0 addr=8 length=4 cl_id=0 sets=64 location=0
======== END STORE-239 ========
======== START STORE-240 ========
L1 STORE=1 NT=0 addr=8 length=4 cl_id=0 sets=64 location=0
======== END STORE-240 ========
======== START STORE-241 ========
L1 STORE=1 NT=0 addr=8 length=4 cl_id=0 sets=64 location=0
======== END STORE-241 ========
======== START STORE-242 ========
L1 STORE=1 NT=0 addr=8 length=4 cl_id=0 sets=64 location=0
======== END STORE-242 ========
======== START STORE-243 ========
L1 STORE=1 NT=0 addr=8 length=4 cl_id=0 sets=64 location=0
======== END STORE-243 ========
======== START STORE-244 ========
L1 STORE=1 NT=0 addr=8 length=4 cl_id=0 sets=64 location=0
======== END STORE-244 ========
======== START STORE-245 ========
L1 STORE=1 NT=0 addr=8 length=4 cl_id=0 sets=64 location=0
======== END STORE-245 ========
======== START STORE-246 ========
L1 STORE=1 NT=0 addr=8 length=4 cl_id=0 sets=64 location=0
======== END STORE-246 ========
======== START STORE-247 ========
L1 STORE=1 NT=0 addr=8 length=4 cl_id=0 sets=64 location=0
======== END STORE-247 ========
======== START STORE-248 ========
L1 STORE=1 NT=0 addr=8 length=4 cl_id=0 sets=64 location=0
======== END STORE-248 ========
======== START STORE-249 ========
L1 STORE=1 NT=0 addr=8 length=4 cl_id=0 sets=64 location=0
======== END STORE-249 ========
======== START STORE-250 ========
L1 STORE=1 NT=0 addr=8 length=4 cl_id=0 sets=64 location=0
======== END STORE-250 ========
======== START STORE-251 ========
L1 STORE=1 NT=0 addr=8 length=4 cl_id=0 sets=64 location=0
======== END STORE-251 ========
======== START STORE-252 ========
L1 STORE=1 NT=0 addr=8 length=4 cl_id=0 sets=64 location=0
======== END STORE-252 ========
======== START STORE-253 ========
L1 STORE=1 NT=0 addr=8 length=4 cl_id=0 sets=64 location=0
======== END STORE-253 ========
======== START STORE-254 ========
L1 STORE=1 NT=0 addr=8 length=4 cl_id=0 sets=64 location=0
======== END STORE-254 ========
======== START STORE-255 ========
L1 STORE=1 NT=0 addr=8 length=4 cl_id=0 sets=64 location=0
======== END STORE-255 ========
======== START STORE-256 ========
L1 STORE=1 NT=0 addr=8 length=4 cl_id=0 sets=64 location=0
======== END STORE-256 ========
======== START STORE-257 ========
L1 STORE=1 NT=0 addr=8 length=4 cl_id=0 sets=64 location=0
======== END STORE-257 ========
======== START STORE-258 ========
L1 STORE=1 NT=0 addr=8 length=4 cl_id=0 sets=64 location=0
======== END STORE-258 ========
======== START STORE-259 ========
L1 STORE=1 NT=0 addr=8 length=4 cl_id=0 sets=64 location=0
======== END STORE-259 ========
======== START STORE-260 ========
L1 STORE=1 NT=0 addr=8 length=4 cl_id=0 sets=64 location=0
======== END STORE-260 ========
======== START STORE-261 ========
L1 STORE=1 NT=0 addr=8 length=4 cl_id=0 sets=64 location=0
======== END STORE-261 ========
======== START STORE-262 ========
L1 STORE=1 NT=0 addr=8 length=4 cl_id=0 sets=64 location=0
======== END STORE-262 ========
======== START STORE-263 ========
L1 STORE=1 NT=0 addr=8 length=4 cl_id=0 sets=64 location=0
======== END STORE-263 ========
======== START STORE-264 ========
L1 STORE=1 NT=0 addr=8 length=4 cl_id=0 sets=64 location=0
======== END STORE-264 ========
======== START STORE-265 ========
L1 STORE=1 NT=0 addr=8 length=4 cl_id=0 sets=64 location=0
======== END STORE-265 ========
======== START STORE-266 ========
L1 STORE=1 NT=0 addr=8 length=4 cl_id=0 sets=64 location=0
======== END STORE-266 ========
======== START STORE-267 ========
L1 STORE=1 NT=0 addr=8 length=4 cl_id=0 sets=64 location=0
======== END STORE-267 ========
======== START STORE-268 ========
L1 STORE=1 NT=0 addr=8 length=4 cl_id=0 sets=64 location=0
======== END STORE-268 ========
======== START STORE-269 ========
L1 STORE=1 NT=0 addr=8 length=4 cl_id=0 sets=64 location=0
======== END STORE-269 ========
======== START STORE-270 ========
L1 STORE=1 NT=0 addr=8 length=4 cl_id=0 sets=64 location=0
======== END STORE-270 ========
======== START STORE-271 ========
L1 STORE=1 NT=0 addr=8 length=4 cl_id=0 sets=64 location=0
======== END STORE-271 ========
======== START STORE-272 ========
L1 STORE=1 NT=0 addr=8 length=4 cl_id=0 sets=64 location=0
======== END STORE-272 ========
======== START STORE-273 ========
L1 STORE=1 NT=0 addr=8 length=4 cl_id=0 sets=64 location=0
======== END STORE-273 ========
======== START STORE-274 ========
L1 STORE=1 NT=0 addr=8 length=4 cl_id=0 sets=64 location=0
======== END STORE-274 ========
======== START STORE-275 ========
L1 STORE=1 NT=0 addr=8 length=4 cl_id=0 sets=64 location=0
======== END STORE-275 ========
======== START STORE-276 ========
L1 STORE=1 NT=0 addr=8 length=4 cl_id=0 sets=64 location=0
======== END STORE-276 ========
======== START STORE-277 ========
L1 STORE=1 NT=0 addr=8 length=4 cl_id=0 sets=64 location=0
======== END STORE-277 ========
======== START STORE-278 ========
L1 STORE=1 NT=0 addr=8 length=4 cl_id=0 sets=64 location=0
======== END STORE-278 ========
======== START STORE-279 ========
L1 STORE=1 NT=0 addr=8 length=4 cl_id=0 sets=64 location=0
======== END STORE-279 ========
======== START STORE-280 ========
L1 STORE=1 NT=0 addr=8 length=4 cl_id=0 sets=64 location=0
======== END STORE-280 ========
======== START STORE-281 ========
L1 STORE=1 NT=0 addr=8 length=4 cl_id=0 sets=64 location=0
======== END STORE-281 ========
======== START STORE-282 ========
L1 STORE=1 NT=0 addr=8 length=4 cl_id=0 sets=64 location=0
======== END STORE-282 ========
======== START STORE-283 ========
L1 STORE=1 NT=0 addr=8 length=4 cl_id=0 sets=64 location=0
======== END STORE-283 ========
======== START STORE-284 ========
L1 STORE=1 NT=0 addr=8 length=4 cl_id=0 sets=64 location=0
======== END STORE-284 ========
======== START STORE-285 ========
L1 STORE=1 NT=0 addr=8 length=4 cl_id=0 sets=64 location=0
======== END STORE-285 ========
======== START STORE-286 ========
L1 STORE=1 NT=0 addr=8 length=4 cl_id=0 sets=64 location=0
======== END STORE-286 ========
======== START STORE-287 ========
L1 STORE=1 NT=0 addr=8 length=4 cl_id=0 sets=64 location=0
======== END STORE-287 ========
======== START STORE-288 ========
L1 STORE=1 NT=0 addr=8 length=4 cl_id=0 sets=64 location=0
======== END STORE-288 ========
======== START STORE-289 ========
L1 STORE=1 NT=0 addr=8 length=4 cl_id=0 sets=64 location=0
======== END STORE-289 ========
======== START STORE-290 ========
L1 STORE=1 NT=0 addr=8 length=4 cl_id=0 sets=64 location=0
======== END STORE-290 ========
======== START STORE-291 ========
L1 STORE=1 NT=0 addr=8 length=4 cl_id=0 sets=64 location=0
======== END STORE-291 ========
======== START STORE-292 ========
L1 STORE=1 NT=0 addr=8 length=4 cl_id=0 sets=64 location=0
======== END STORE-292 ========
======== START STORE-293 ========
L1 STORE=1 NT=0 addr=8 length=4 cl_id=0 sets=64 location=0
======== END STORE-293 ========
======== START STORE-294 ========
L1 STORE=1 NT=0 addr=8 length=4 cl_id=0 sets=64 location=0
======== END STORE-294 ========
======== START STORE-295 ========
L1 STORE=1 NT=0 addr=8 length=4 cl_id=0 sets=64 location=0
======== END STORE-295 ========
======== START STORE-296 ========
L1 STORE=1 NT=0 addr=8 length=4 cl_id=0 sets=64 location=0
======== END STORE-296 ========
======== START STORE-297 ========
L1 STORE=1 NT=0 addr=8 length=4 cl_id=0 sets=64 location=0
======== END STORE-297 ========
======== START STORE-298 ========
L1 STORE=1 NT=0 addr=8 length=4 cl_id=0 sets=64 location=0
======== END STORE-298 ========
======== START STORE-299 ========
L1 STORE=1 NT=0 addr=8 length=4 cl_id=0 sets=64 location=0
======== END STORE-299 ========
======== START STORE-300 ========
L1 STORE=1 NT=0 addr=8 length=4 cl_id=0 sets=64 location=0
======== END STORE-300 ========
======== START STORE-301 ========
L1 STORE=1 NT=0 addr=8 length=4 cl_id=0 sets=64 location=0
======== END STORE-301 ========
======== START STORE-302 ========
L1 STORE=1 NT=0 addr=8 length=4 cl_id=0 sets=64 location=0
======== END STORE-302 ========
======== START STORE-303 ========
L1 STORE=1 NT=0 addr=8 length=4 cl_id=0 sets=64 location=0
======== END STORE-303 ========
======== START STORE-304 ========
L1 STORE=1 NT=0 addr=8 length=4 cl_id=0 sets=64 location=0
======== END STORE-304 ========
======== START STORE-305 ========
L1 STORE=1 NT=0 addr=8 length=4 cl_id=0 sets=64 location=0
======== END STORE-305 ========
======== START STORE-306 ========
L1 STORE=1 NT=0 addr=8 length=4 cl_id=0 sets=64 location=0
======== END STORE-306 ========
======== START STORE-307 ========
L1 STORE=1 NT=0 addr=8 length=4 cl_id=0 sets=64 location=0
======== END STORE-307 ========
======== START STORE-308 ========
L1 STORE=1 NT=0 addr=8 length=4 cl_id=0 sets=64 location=0
======== END STORE-308 ========
======== START STORE-309 ========
L1 STORE=1 NT=0 addr=8 length=4 cl_id=0 sets=64 location=0
======== END STORE-309 ========
======== START STORE-310 ========
L1 STORE=1 NT=0 addr=8 length=4 cl_id=0 sets=64 location=0
======== END STORE-310 ========
======== START STORE-311 ========
L1 STORE=1 NT=0 addr=8 length=4 cl_id=0 sets=64 location=0
======== END STORE-311 ========
======== START STORE-312 ========
L1 STORE=1 NT=0 addr=8 length=4 cl_id=0 sets=64 location=0
======== END STORE-312 ========
======== START STORE-313 ========
L1 STORE=1 NT=0 addr=8 length=4 cl_id=0 sets=64 location=0
======== END STORE-313 ========
======== START STORE-314 ========
L1 STORE=1 NT=0 addr=8 length=4 cl_id=0 sets=64 location=0
======== END STORE-314 ========
======== START STORE-315 ========
L1 STORE=1 NT=0 addr=8 length=4 cl_id=0 sets=64 location=0
======== END STORE-315 ========
======== START STORE-316 ========
L1 STORE=1 NT=0 addr=8 length=4 cl_id=0 sets=64 location=0
======== END STORE-316 ========
======== START STORE-317 ========
L1 STORE=1 NT=0 addr=8 length=4 cl_id=0 sets=64 location=0
======== END STORE-317 ========
======== START STORE-318 ========
L1 STORE=1 NT=0 addr=8 length=4 cl_id=0 sets=64 location=0
======== END STORE-318 ========
======== START STORE-319 ========
L1 STORE=1 NT=0 addr=8 length=4 cl_id=0 sets=64 location=0
======== END STORE-319 ========
======== START STORE-320 ========
L1 STORE=1 NT=0 addr=8 length=4 cl_id=0 sets=64 location=0
======== END STORE-320 ========
======== START STORE-321 ========
L1 STORE=1 NT=0 addr=8 length=4 cl_id=0 sets=64 location=0
======== END STORE-321 ========
======== START STORE-322 ========
L1 STORE=1 NT=0 addr=8 length=4 cl_id=0 sets=64 location=0
======== END STORE-322 ========
======== START STORE-323 ========
L1 STORE=1 NT=0 addr=8 length=4 cl_id=0 sets=64 location=0
======== END STORE-323 ========
======== START STORE-324 ========
L1 STORE=1 NT=0 addr=8 length=4 cl_id=0 sets=64 location=0
======== END STORE-324 ========
======== START STORE-325 ========
L1 STORE=1 NT=0 addr=8 length=4 cl_id=0 sets=64 location=0
======== END STORE-325 ========
======== START STORE-326 ========
L1 STORE=1 NT=0 addr=8 length=4 cl_id=0 sets=64 location=0
======== END STORE-326 ========
======== START STORE-327 ========
L1 STORE=1 NT=0 addr=8 length=4 cl_id=0 sets=64 location=0
======== END STORE-327 ========
======== START STORE-328 ========
L1 STORE=1 NT=0 addr=8 length=4 cl_id=0 sets=64 location=0
======== END STORE-328 ========
======== START STORE-329 ========
L1 STORE=1 NT=0 addr=8 length=4 cl_id=0 sets=64 location=0
======== END STORE-329 ========
======== START STORE-330 ========
L1 STORE=1 NT=0 addr=8 length=4 cl_id=0 sets=64 location=0
======== END STORE-330 ========
======== START STORE-331 ========
L1 STORE=1 NT=0 addr=8 length=4 cl_id=0 sets=64 location=0
======== END STORE-331 ========
======== START STORE-332 ========
L1 STORE=1 NT=0 addr=8 length=4 cl_id=0 sets=64 location=0
======== END STORE-332 ========
======== START STORE-333 ========
L1 STORE=1 NT=0 addr=8 length=4 cl_id=0 sets=64 location=0
======== END STORE-333 ========
======== START STORE-334 ========
L1 STORE=1 NT=0 addr=8 length=4 cl_id=0 sets=64 location=0
======== END STORE-334 ========
======== START STORE-335 ========
L1 STORE=1 NT=0 addr=8 length=4 cl_id=0 sets=64 location=0
======== END STORE-335 ========
======== START STORE-336 ========
L1 STORE=1 NT=0 addr=8 length=4 cl_id=0 sets=64 location=0
======== END STORE-336 ========
======== START STORE-337 ========
L1 STORE=1 NT=0 addr=8 length=4 cl_id=0 sets=64 location=0
======== END STORE-337 ========
======== START STORE-338 ========
L1 STORE=1 NT=0 addr=8 length=4 cl_id=0 sets=64 location=0
======== END STORE-338 ========
======== START STORE-339 ========
L1 STORE=1 NT=0 addr=8 length=4 cl_id=0 sets=64 location=0
======== END STORE-339 ========
======== START STORE-340 ========
L1 STORE=1 NT=0 addr=8 length=4 cl_id=0 sets=64 location=0
======== END STORE-340 ========
======== START STORE-341 ========
L1 STORE=1 NT=0 addr=8 length=4 cl_id=0 sets=64 location=0
======== END STORE-341 ========
======== START STORE-342 ========
L1 STORE=1 NT=0 addr=8 length=4 cl_id=0 sets=64 location=0
======== END STORE-342 ========
======== START STORE-343 ========
L1 STORE=1 NT=0 addr=8 length=4 cl_id=0 sets=64 location=0
======== END STORE-343 ========
======== START STORE-344 ========
L1 STORE=1 NT=0 addr=8 length=4 cl_id=0 sets=64 location=0
======== END STORE-344 ========
======== START STORE-345 ========
L1 STORE=1 NT=0 addr=8 length=4 cl_id=0 sets=64 location=0
======== END STORE-345 ========
======== START STORE-346 ========
L1 STORE=1 NT=0 addr=8 length=4 cl_id=0 sets=64 location=0
======== END STORE-346 ========
======== START STORE-347 ========
L1 STORE=1 NT=0 addr=8 length=4 cl_id=0 sets=64 location=0
======== END STORE-347 ========
======== START STORE-348 ========
L1 STORE=1 NT=0 addr=8 length=4 cl_id=0 sets=64 location=0
======== END STORE-348 ========
======== START STORE-349 ========
L1 STORE=1 NT=0 addr=8 length=4 cl_id=0 sets=64 location=0
======== END STORE-349 ========
======== START STORE-350 ========
L1 STORE=1 NT=0 addr=8 length=4 cl_id=0 sets=64 location=0
======== END STORE-350 ========
======== START STORE-351 ========
L1 STORE=1 NT=0 addr=8 length=4 cl_id=0 sets=64 location=0
======== END STORE-351 ========
======== START STORE-352 ========
L1 STORE=1 NT=0 addr=8 length=4 cl_id=0 sets=64 location=0
======== END STORE-352 ========
======== START STORE-353 ========
L1 STORE=1 NT=0 addr=8 length=4 cl_id=0 sets=64 location=0
======== END STORE-353 ========
======== START STORE-354 ========
L1 STORE=1 NT=0 addr=8 length=4 cl_id=0 sets=64 location=0
======== END STORE-354 ========
======== START STORE-355 ========
L1 STORE=1 NT=0 addr=8 length=4 cl_id=0 sets=64 location=0
======== END STORE-355 ========
======== START STORE-356 ========
L1 STORE=1 NT=0 addr=8 length=4 cl_id=0 sets=64 location=0
======== END STORE-356 ========
======== START STORE-357 ========
L1 STORE=1 NT=0 addr=8 length=4 cl_id=0 sets=64 location=0
======== END STORE-357 ========
======== START STORE-358 ========
L1 STORE=1 NT=0 addr=8 length=4 cl_id=0 sets=64 location=0
======== END STORE-358 ========
======== START STORE-359 ========
L1 STORE=1 NT=0 addr=8 length=4 cl_id=0 sets=64 location=0
======== END STORE-359 ========
======== START STORE-360 ========
L1 STORE=1 NT=0 addr=8 length=4 cl_id=0 sets=64 location=0
======== END STORE-360 ========
======== START STORE-361 ========
L1 STORE=1 NT=0 addr=8 length=4 cl_id=0 sets=64 location=0
======== END STORE-361 ========
======== START STORE-362 ========
L1 STORE=1 NT=0 addr=8 length=4 cl_id=0 sets=64 location=0
======== END STORE-362 ========
======== START STORE-363 ========
L1 STORE=1 NT=0 addr=8 length=4 cl_id=0 sets=64 location=0
======== END STORE-363 ========
======== START STORE-364 ========
L1 STORE=1 NT=0 addr=8 length=4 cl_id=0 sets=64 location=0
======== END STORE-364 ========
======== START STORE-365 ========
L1 STORE=1 NT=0 addr=8 length=4 cl_id=0 sets=64 location=0
======== END STORE-365 ========
======== START STORE-366 ========
L1 STORE=1 NT=0 addr=8 length=4 cl_id=0 sets=64 location=0
======== END STORE-366 ========
======== START STORE-367 ========
L1 STORE=1 NT=0 addr=8 length=4 cl_id=0 sets=64 location=0
======== END STORE-367 ========
======== START STORE-368 ========
L1 STORE=1 NT=0 addr=8 length=4 cl_id=0 sets=64 location=0
======== END STORE-368 ========
======== START STORE-369 ========
L1 STORE=1 NT=0 addr=8 length=4 cl_id=0 sets=64 location=0
======== END STORE-369 ========
======== START STORE-370 ========
L1 STORE=1 NT=0 addr=8 length=4 cl_id=0 sets=64 location=0
======== END STORE-370 ========
======== START STORE-371 ========
L1 STORE=1 NT=0 addr=8 length=4 cl_id=0 sets=64 location=0
======== END STORE-371 ========
======== START STORE-372 ========
L1 STORE=1 NT=0 addr=8 length=4 cl_id=0 sets=64 location=0
======== END STORE-372 ========
======== START STORE-373 ========
L1 STORE=1 NT=0 addr=8 length=4 cl_id=0 sets=64 location=0
======== END STORE-373 ========
======== START STORE-374 ========
L1 STORE=1 NT=0 addr=8 length=4 cl_id=0 sets=64 location=0
======== END STORE-374 ========
======== START STORE-375 ========
L1 STORE=1 NT=0 addr=8 length=4 cl_id=0 sets=64 location=0
======== END STORE-375 ========
======== START STORE-376 ========
L1 STORE=1 NT=0 addr=8 length=4 cl_id=0 sets=64 location=0
======== END STORE-376 ========
======== START STORE-377 ========
L1 STORE=1 NT=0 addr=8 length=4 cl_id=0 sets=64 location=0
======== END STORE-377 ========
======== START STORE-378 ========
L1 STORE=1 NT=0 addr=8 length=4 cl_id=0 sets=64 location=0
======== END STORE-378 ========
======== START STORE-379 ========
L1 STORE=1 NT=0 addr=8 length=4 cl_id=0 sets=64 location=0
======== END STORE-379 ========
======== START STORE-380 ========
L1 STORE=1 NT=0 addr=8 length=4 cl_id=0 sets=64 location=0
======== END STORE-380 ========
======== START STORE-381 ========
L1 STORE=1 NT=0 addr=8 length=4 cl_id=0 sets=64 location=0
======== END STORE-381 ========
======== START STORE-382 ========
L1 STORE=1 NT=0 addr=8 length=4 cl_id=0 sets=64 location=0
======== END STORE-382 ========
======== START STORE-383 ========
L1 STORE=1 NT=0 addr=8 length=4 cl_id=0 sets=64 location=0
======== END STORE-383 ========
======== START STORE-384 ========
L1 STORE=1 NT=0 addr=8 length=4 cl_id=0 sets=64 location=0
======== END STORE-384 ========
======== START STORE-385 ========
L1 STORE=1 NT=0 addr=8 length=4 cl_id=0 sets=64 location=0
======== END STORE-385 ========
======== START STORE-386 ========
L1 STORE=1 NT=0 addr=8 length=4 cl_id=0 sets=64 location=0
======== END STORE-386 ========
======== START STORE-387 ========
L1 STORE=1 NT=0 addr=8 length=4 cl_id=0 sets=64 location=0
======== END STORE-387 ========
======== START STORE-388 ========
L1 STORE=1 NT=0 addr=8 length=4 cl_id=0 sets=64 location=0
======== END STORE-388 ========
======== START STORE-389 ========
L1 STORE=1 NT=0 addr=8 length=4 cl_id=0 sets=64 location=0
======== END STORE-389 ========
======== START STORE-390 ========
L1 STORE=1 NT=0 addr=8 length=4 cl_id=0 sets=64 location=0
======== END STORE-390 ========
======== START STORE-391 ========
L1 STORE=1 NT=0 addr=8 length=4 cl_id=0 sets=64 location=0
======== END STORE-391 ========
======== START STORE-392 ========
L1 STORE=1 NT=0 addr=8 length=4 cl_id=0 sets=64 location=0
======== END STORE-392 ========
======== START STORE-393 ========
L1 STORE=1 NT=0 addr=8 length=4 cl_id=0 sets=64 location=0
======== END STORE-393 ========
======== START STORE-394 ========
L1 STORE=1 NT=0 addr=8 length=4 cl_id=0 sets=64 location=0
======== END STORE-394 ========
======== START STORE-395 ========
L1 STORE=1 NT=0 addr=8 length=4 cl_id=0 sets=64 location=0
======== END STORE-395 ========
======== START STORE-396 ========
L1 STORE=1 NT=0 addr=8 length=4 cl_id=0 sets=64 location=0
======== END STORE-396 ========
======== START STORE-397 ========
L1 STORE=1 NT=0 addr=8 length=4 cl_id=0 sets=64 location=0
======== END STORE-397 ========
======== START STORE-398 ========
L1 STORE=1 NT=0 addr=8 length=4 cl_id=0 sets=64 location=0
======== END STORE-398 ========
======== START STORE-399 ========
L1 STORE=1 NT=0 addr=8 length=4 cl_id=0 sets=64 location=0
======== END STORE-399 ========
======== START STORE-400 ========
L1 STORE=1 NT=0 addr=8 length=4 cl_id=0 sets=64 location=0
======== END STORE-400 ========
======== START STORE-401 ========
L1 STORE=1 NT=0 addr=8 length=4 cl_id=0 sets=64 location=0
======== END STORE-401 ========
======== START STORE-402 ========
L1 STORE=1 NT=0 addr=8 length=4 cl_id=0 sets=64 location=0
======== END STORE-402 ========
======== START STORE-403 ========
L1 STORE=1 NT=0 addr=8 length=4 cl_id=0 sets=64 location=0
======== END STORE-403 ========
======== START STORE-404 ========
L1 STORE=1 NT=0 addr=8 length=4 cl_id=0 sets=64 location=0
======== END STORE-404 ========
======== START STORE-405 ========
L1 STORE=1 NT=0 addr=8 length=4 cl_id=0 sets=64 location=0
======== END STORE-405 ========
======== START STORE-406 ========
L1 STORE=1 NT=0 addr=8 length=4 cl_id=0 sets=64 location=0
======== END STORE-406 ========
======== START STORE-407 ========
L1 STORE=1 NT=0 addr=8 length=4 cl_id=0 sets=64 location=0
======== END STORE-407 ========
======== START STORE-408 ========
L1 STORE=1 NT=0 addr=8 length=4 cl_id=0 sets=64 location=0
======== END STORE-408 ========
======== START STORE-409 ========
L1 STORE=1 NT=0 addr=8 length=4 cl_id=0 sets=64 location=0
======== END STORE-409 ========
======== START STORE-410 ========
L1 STORE=1 NT=0 addr=8 length=4 cl_id=0 sets=64 location=0
======== END STORE-410 ========
======== START STORE-411 ========
L1 STORE=1 NT=0 addr=8 length=4 cl_id=0 sets=64 location=0
======== END STORE-411 ========
======== START STORE-412 ========
L1 STORE=1 NT=0 addr=8 length=4 cl_id=0 sets=64 location=0
======== END STORE-412 ========
======== START STORE-413 ========
L1 STORE=1 NT=0 addr=8 length=4 cl_id=0 sets=64 location=0
======== END STORE-413 ========
======== START STORE-414 ========
L1 STORE=1 NT=0 addr=8 length=4 cl_id=0 sets=64 location=0
======== END STORE-414 ========
======== START STORE-415 ========
L1 STORE=1 NT=0 addr=8 length=4 cl_id=0 sets=64 location=0
======== END STORE-415 ========
======== START STORE-416 ========
L1 STORE=1 NT=0 addr=8 length=4 cl_id=0 sets=64 location=0
======== END STORE-416 ========
======== START STORE-417 ========
L1 STORE=1 NT=0 addr=8 length=4 cl_id=0 sets=64 location=0
======== END STORE-417 ========
======== START STORE-418 ========
L1 STORE=1 NT=0 addr=8 length=4 cl_id=0 sets=64 location=0
======== END STORE-418 ========
======== START STORE-419 ========
L1 STORE=1 NT=0 addr=8 length=4 cl_id=0 sets=64 location=0
======== END STORE-419 ========
======== START STORE-420 ========
L1 STORE=1 NT=0 addr=8 length=4 cl_id=0 sets=64 location=0
======== END STORE-420 ========
======== START STORE-421 ========
L1 STORE=1 NT=0 addr=8 length=4 cl_id=0 sets=64 location=0
======== END STORE-421 ========
======== START STORE-422 ========
L1 STORE=1 NT=0 addr=8 length=4 cl_id=0 sets=64 location=0
======== END STORE-422 ========
======== START STORE-423 ========
L1 STORE=1 NT=0 addr=8 length=4 cl_id=0 sets=64 location=0
======== END STORE-423 ========
======== START STORE-424 ========
L1 STORE=1 NT=0 addr=8 length=4 cl_id=0 sets=64 location=0
======== END STORE-424 ========
======== START STORE-425 ========
L1 STORE=1 NT=0 addr=8 length=4 cl_id=0 sets=64 location=0
======== END STORE-425 ========
======== START STORE-426 ========
L1 STORE=1 NT=0 addr=8 length=4 cl_id=0 sets=64 location=0
======== END STORE-426 ========
======== START STORE-427 ========
L1 STORE=1 NT=0 addr=8 length=4 cl_id=0 sets=64 location=0
======== END STORE-427 ========
======== START STORE-428 ========
L1 STORE=1 NT=0 addr=8 length=4 cl_id=0 sets=64 location=0
======== END STORE-428 ========
======== START STORE-429 ========
L1 STORE=1 NT=0 addr=8 length=4 cl_id=0 sets=64 location=0
======== END STORE-429 ========
======== START STORE-430 ========
L1 STORE=1 NT=0 addr=8 length=4 cl_id=0 sets=64 location=0
======== END STORE-430 ========
======== START STORE-431 ========
L1 STORE=1 NT=0 addr=8 length=4 cl_id=0 sets=64 location=0
======== END STORE-431 ========
======== START STORE-432 ========
L1 STORE=1 NT=0 addr=8 length=4 cl_id=0 sets=64 location=0
======== END STORE-432 ========
======== START STORE-433 ========
L1 STORE=1 NT=0 addr=8 length=4 cl_id=0 sets=64 location=0
======== END STORE-433 ========
======== START STORE-434 ========
L1 STORE=1 NT=0 addr=8 length=4 cl_id=0 sets=64 location=0
======== END STORE-434 ========
======== START STORE-435 ========
L1 STORE=1 NT=0 addr=8 length=4 cl_id=0 sets=64 location=0
======== END STORE-435 ========
======== START STORE-436 ========
L1 STORE=1 NT=0 addr=8 length=4 cl_id=0 sets=64 location=0
======== END STORE-436 ========
======== START STORE-437 ========
L1 STORE=1 NT=0 addr=8 length=4 cl_id=0 sets=64 location=0
======== END STORE-437 ========
======== START STORE-438 ========
L1 STORE=1 NT=0 addr=8 length=4 cl_id=0 sets=64 location=0
======== END STORE-438 ========
======== START STORE-439 ========
L1 STORE=1 NT=0 addr=8 length=4 cl_id=0 sets=64 location=0
======== END STORE-439 ========
======== START STORE-440 ========
L1 STORE=1 NT=0 addr=8 length=4 cl_id=0 sets=64 location=0
======== END STORE-440 ========
======== START STORE-441 ========
L1 STORE=1 NT=0 addr=8 length=4 cl_id=0 sets=64 location=0
======== END STORE-441 ========
======== START STORE-442 ========
L1 STORE=1 NT=0 addr=8 length=4 cl_id=0 sets=64 location=0
======== END STORE-442 ========
======== START STORE-443 ========
L1 STORE=1 NT=0 addr=8 length=4 cl_id=0 sets=64 location=0
======== END STORE-443 ========
======== START STORE-444 ========
L1 STORE=1 NT=0 addr=8 length=4 cl_id=0 sets=64 location=0
======== END STORE-444 ========
======== START STORE-445 ========
L1 STORE=1 NT=0 addr=8 length=4 cl_id=0 sets=64 location=0
======== END STORE-445 ========
======== START STORE-446 ========
L1 STORE=1 NT=0 addr=8 length=4 cl_id=0 sets=64 location=0
======== END STORE-446 ========
======== START STORE-447 ========
L1 STORE=1 NT=0 addr=8 length=4 cl_id=0 sets=64 location=0
======== END STORE-447 ========
======== START STORE-448 ========
L1 STORE=1 NT=0 addr=8 length=4 cl_id=0 sets=64 location=0
======== END STORE-448 ========
======== START STORE-449 ========
L1 STORE=1 NT=0 addr=8 length=4 cl_id=0 sets=64 location=0
======== END STORE-449 ========
======== START STORE-450 ========
L1 STORE=1 NT=0 addr=8 length=4 cl_id=0 sets=64 location=0
======== END STORE-450 ========
======== START STORE-451 ========
L1 STORE=1 NT=0 addr=8 length=4 cl_id=0 sets=64 location=0
======== END STORE-451 ========
======== START STORE-452 ========
L1 STORE=1 NT=0 addr=8 length=4 cl_id=0 sets=64 location=0
======== END STORE-452 ========
======== START STORE-453 ========
L1 STORE=1 NT=0 addr=8 length=4 cl_id=0 sets=64 location=0
======== END STORE-453 ========
======== START STORE-454 ========
L1 STORE=1 NT=0 addr=8 length=4 cl_id=0 sets=64 location=0
======== END STORE-454 ========
======== START STORE-455 ========
L1 STORE=1 NT=0 addr=8 length=4 cl_id=0 sets=64 location=0
======== END STORE-455 ========
======== START STORE-456 ========
L1 STORE=1 NT=0 addr=8 length=4 cl_id=0 sets=64 location=0
======== END STORE-456 ========
======== START STORE-457 ========
L1 STORE=1 NT=0 addr=8 length=4 cl_id=0 sets=64 location=0
======== END STORE-457 ========
======== START STORE-458 ========
L1 STORE=1 NT=0 addr=8 length=4 cl_id=0 sets=64 location=0
======== END STORE-458 ========
======== START STORE-459 ========
L1 STORE=1 NT=0 addr=8 length=4 cl_id=0 sets=64 location=0
======== END STORE-459 ========
======== START STORE-460 ========
L1 STORE=1 NT=0 addr=8 length=4 cl_id=0 sets=64 location=0
======== END STORE-460 ========
======== START STORE-461 ========
L1 STORE=1 NT=0 addr=8 length=4 cl_id=0 sets=64 location=0
======== END STORE-461 ========
======== START STORE-462 ========
L1 STORE=1 NT=0 addr=8 length=4 cl_id=0 sets=64 location=0
======== END STORE-462 ========
======== START STORE-463 ========
L1 STORE=1 NT=0 addr=8 length=4 cl_id=0 sets=64 location=0
======== END STORE-463 ========
======== START STORE-464 ========
L1 STORE=1 NT=0 addr=8 length=4 cl_id=0 sets=64 location=0
======== END STORE-464 ========
======== START STORE-465 ========
L1 STORE=1 NT=0 addr=8 length=4 cl_id=0 sets=64 location=0
======== END STORE-465 ========
======== START STORE-466 ========
L1 STORE=1 NT=0 addr=8 length=4 cl_id=0 sets=64 location=0
======== END STORE-466 ========
======== START STORE-467 ========
L1 STORE=1 NT=0 addr=8 length=4 cl_id=0 sets=64 location=0
======== END STORE-467 ========
======== START STORE-468 ========
L1 STORE=1 NT=0 addr=8 length=4 cl_id=0 sets=64 location=0
======== END STORE-468 ========
======== START STORE-469 ========
L1 STORE=1 NT=0 addr=8 length=4 cl_id=0 sets=64 location=0
======== END STORE-469 ========
======== START STORE-470 ========
L1 STORE=1 NT=0 addr=8 length=4 cl_id=0 sets=64 location=0
======== END STORE-470 ========
======== START STORE-471 ========
L1 STORE=1 NT=0 addr=8 length=4 cl_id=0 sets=64 location=0
======== END STORE-471 ========
======== START STORE-472 ========
L1 STORE=1 NT=0 addr=8 length=4 cl_id=0 sets=64 location=0
======== END STORE-472 ========
======== START STORE-473 ========
L1 STORE=1 NT=0 addr=8 length=4 cl_id=0 sets=64 location=0
======== END STORE-473 ========
======== START STORE-474 ========
L1 STORE=1 NT=0 addr=8 length=4 cl_id=0 sets=64 location=0
======== END STORE-474 ========
======== START STORE-475 ========
L1 STORE=1 NT=0 addr=8 length=4 cl_id=0 sets=64 location=0
======== END STORE-475 ========
======== START STORE-476 ========
L1 STORE=1 NT=0 addr=8 length=4 cl_id=0 sets=64 location=0
======== END STORE-476 ========
======== START STORE-477 ========
L1 STORE=1 NT=0 addr=8 length=4 cl_id=0 sets=64 location=0
======== END STORE-477 ========
======== START STORE-478 ========
L1 STORE=1 NT=0 addr=8 length=4 cl_id=0 sets=64 location=0
======== END STORE-478 ========
======== START STORE-479 ========
L1 STORE=1 NT=0 addr=8 length=4 cl_id=0 sets=64 location=0
======== END STORE-479 ========
======== START STORE-480 ========
L1 STORE=1 NT=0 addr=8 length=4 cl_id=0 sets=64 location=0
======== END STORE-480 ========
======== START STORE-481 ========
L1 STORE=1 NT=0 addr=8 length=4 cl_id=0 sets=64 location=0
======== END STORE-481 ========
======== START STORE-482 ========
L1 STORE=1 NT=0 addr=8 length=4 cl_id=0 sets=64 location=0
======== END STORE-482 ========
======== START STORE-483 ========
L1 STORE=1 NT=0 addr=8 length=4 cl_id=0 sets=64 location=0
======== END STORE-483 ========
======== START STORE-484 ========
L1 STORE=1 NT=0 addr=8 length=4 cl_id=0 sets=64 location=0
======== END STORE-484 ========
======== START STORE-485 ========
L1 STORE=1 NT=0 addr=8 length=4 cl_id=0 sets=64 location=0
======== END STORE-485 ========
======== START STORE-486 ========
L1 STORE=1 NT=0 addr=8 length=4 cl_id=0 sets=64 location=0
======== END STORE-486 ========
======== START STORE-487 ========
L1 STORE=1 NT=0 addr=8 length=4 cl_id=0 sets=64 location=0
======== END STORE-487 ========
======== START STORE-488 ========
L1 STORE=1 NT=0 addr=8 length=4 cl_id=0 sets=64 location=0
======== END STORE-488 ========
======== START STORE-489 ========
L1 STORE=1 NT=0 addr=8 length=4 cl_id=0 sets=64 location=0
======== END STORE-489 ========
======== START STORE-490 ========
L1 STORE=1 NT=0 addr=8 length=4 cl_id=0 sets=64 location=0
======== END STORE-490 ========
======== START STORE-491 ========
L1 STORE=1 NT=0 addr=8 length=4 cl_id=0 sets=64 location=0
======== END STORE-491 ========
======== START STORE-492 ========
L1 STORE=1 NT=0 addr=8 length=4 cl_id=0 sets=64 location=0
======== END STORE-492 ========
======== START STORE-493 ========
L1 STORE=1 NT=0 addr=8 length=4 cl_id=0 sets=64 location=0
======== END STORE-493 ========
======== START STORE-494 ========
L1 STORE=1 NT=0 addr=8 length=4 cl_id=0 sets=64 location=0
======== END STORE-494 ========
======== START STORE-495 ========
L1 STORE=1 NT=0 addr=8 length=4 cl_id=0 sets=64 location=0
======== END STORE-495 ========
======== START STORE-496 ========
L1 STORE=1 NT=0 addr=8 length=4 cl_id=0 sets=64 location=0
======== END STORE-496 ========
======== START STORE-497 ========
L1 STORE=1 NT=0 addr=8 length=4 cl_id=0 sets=64 location=0
======== END STORE-497 ========
======== START STORE-498 ========
L1 STORE=1 NT=0 addr=8 length=4 cl_id=0 sets=64 location=0
======== END STORE-498 ========
======== START STORE-499 ========
L1 STORE=1 NT=0 addr=8 length=4 cl_id=0 sets=64 location=0
======== END STORE-499 ========
======== START STORE-500 ========
L1 STORE=1 NT=0 addr=8 length=4 cl_id=0 sets=64 location=0
======== END STORE-500 ========
======== START STORE-501 ========
L1 STORE=1 NT=0 addr=8 length=4 cl_id=0 sets=64 location=0
======== END STORE-501 ========
======== START STORE-502 ========
L1 STORE=1 NT=0 addr=8 length=4 cl_id=0 sets=64 location=0
======== END STORE-502 ========
======== START STORE-503 ========
L1 STORE=1 NT=0 addr=8 length=4 cl_id=0 sets=64 location=0
======== END STORE-503 ========
======== START STORE-504 ========
L1 STORE=1 NT=0 addr=8 length=4 cl_id=0 sets=64 location=0
======== END STORE-504 ========
======== START STORE-505 ========
L1 STORE=1 NT=0 addr=8 length=4 cl_id=0 sets=64 location=0
======== END STORE-505 ========
======== START STORE-506 ========
L1 STORE=1 NT=0 addr=8 length=4 cl_id=0 sets=64 location=0
======== END STORE-506 ========
======== START STORE-507 ========
L1 STORE=1 NT=0 addr=8 length=4 cl_id=0 sets=64 location=0
======== END STORE-507 ========
======== START STORE-508 ========
L1 STORE=1 NT=0 addr=8 length=4 cl_id=0 sets=64 location=0
======== END STORE-508 ========
======== START STORE-509 ========
L1 STORE=1 NT=0 addr=8 length=4 cl_id=0 sets=64 location=0
======== END STORE-509 ========
======== START STORE-510 ========
L1 STORE=1 NT=0 addr=8 length=4 cl_id=0 sets=64 location=0
======== END STORE-510 ========
======== START STORE-511 ========
L1 STORE=1 NT=0 addr=8 length=4 cl_id=0 sets=64 location=0
======== END STORE-511 ========
======== START STORE-512 ========
L1 STORE=1 NT=0 addr=8 length=4 cl_id=0 sets=64 location=0
======== END STORE-512 ========
======== START STORE-513 ========
L1 STORE=1 NT=0 addr=8 length=4 cl_id=0 sets=64 location=0
======== END STORE-513 ========
======== START STORE-514 ========
L1 STORE=1 NT=0 addr=8 length=4 cl_id=0 sets=64 location=0
======== END STORE-514 ========
======== START STORE-515 ========
L1 STORE=1 NT=0 addr=8 length=4 cl_id=0 sets=64 location=0
======== END STORE-515 ========
======== START STORE-516 ========
L1 STORE=1 NT=0 addr=8 length=4 cl_id=0 sets=64 location=0
======== END STORE-516 ========
======== START STORE-517 ========
L1 STORE=1 NT=0 addr=8 length=4 cl_id=0 sets=64 location=0
======== END STORE-517 ========
======== START STORE-518 ========
L1 STORE=1 NT=0 addr=8 length=4 cl_id=0 sets=64 location=0
======== END STORE-518 ========
======== START STORE-519 ========
L1 STORE=1 NT=0 addr=8 length=4 cl_id=0 sets=64 location=0
======== END STORE-519 ========
======== START STORE-520 ========
L1 STORE=1 NT=0 addr=8 length=4 cl_id=0 sets=64 location=0
======== END STORE-520 ========
======== START STORE-521 ========
L1 STORE=1 NT=0 addr=8 length=4 cl_id=0 sets=64 location=0
======== END STORE-521 ========
======== START STORE-522 ========
L1 STORE=1 NT=0 addr=8 length=4 cl_id=0 sets=64 location=0
======== END STORE-522 ========
======== START STORE-523 ========
L1 STORE=1 NT=0 addr=8 length=4 cl_id=0 sets=64 location=0
======== END STORE-523 ========
======== START STORE-524 ========
L1 STORE=1 NT=0 addr=8 length=4 cl_id=0 sets=64 location=0
======== END STORE-524 ========
======== START STORE-525 ========
L1 STORE=1 NT=0 addr=8 length=4 cl_id=0 sets=64 location=0
======== END STORE-525 ========
======== START STORE-526 ========
L1 STORE=1 NT=0 addr=8 length=4 cl_id=0 sets=64 location=0
======== END STORE-526 ========
======== START STORE-527 ========
L1 STORE=1 NT=0 addr=8 length=4 cl_id=0 sets=64 location=0
======== END STORE-527 ========
======== START STORE-528 ========
L1 STORE=1 NT=0 addr=8 length=4 cl_id=0 sets=64 location=0
======== END STORE-528 ========
======== START STORE-529 ========
L1 STORE=1 NT=0 addr=8 length=4 cl_id=0 sets=64 location=0
======== END STORE-529 ========
======== START STORE-530 ========
L1 STORE=1 NT=0 addr=8 length=4 cl_id=0 sets=64 location=0
======== END STORE-530 ========
======== START STORE-531 ========
L1 STORE=1 NT=0 addr=8 length=4 cl_id=0 sets=64 location=0
======== END STORE-531 ========
======== START STORE-532 ========
L1 STORE=1 NT=0 addr=8 length=4 cl_id=0 sets=64 location=0
======== END STORE-532 ========
======== START STORE-533 ========
L1 STORE=1 NT=0 addr=8 length=4 cl_id=0 sets=64 location=0
======== END STORE-533 ========
======== START STORE-534 ========
L1 STORE=1 NT=0 addr=8 length=4 cl_id=0 sets=64 location=0
======== END STORE-534 ========
======== START STORE-535 ========
L1 STORE=1 NT=0 addr=8 length=4 cl_id=0 sets=64 location=0
======== END STORE-535 ========
======== START STORE-536 ========
L1 STORE=1 NT=0 addr=8 length=4 cl_id=0 sets=64 location=0
======== END STORE-536 ========
======== START STORE-537 ========
L1 STORE=1 NT=0 addr=8 length=4 cl_id=0 sets=64 location=0
======== END STORE-537 ========
======== START STORE-538 ========
L1 STORE=1 NT=0 addr=8 length=4 cl_id=0 sets=64 location=0
======== END STORE-538 ========
======== START STORE-539 ========
L1 STORE=1 NT=0 addr=8 length=4 cl_id=0 sets=64 location=0
======== END STORE-539 ========
======== START STORE-540 ========
L1 STORE=1 NT=0 addr=8 length=4 cl_id=0 sets=64 location=0
======== END STORE-540 ========
======== START STORE-541 ========
L1 STORE=1 NT=0 addr=8 length=4 cl_id=0 sets=64 location=0
======== END STORE-541 ========
======== START STORE-542 ========
L1 STORE=1 NT=0 addr=8 length=4 cl_id=0 sets=64 location=0
======== END STORE-542 ========
======== START STORE-543 ========
L1 STORE=1 NT=0 addr=8 length=4 cl_id=0 sets=64 location=0
======== END STORE-543 ========
======== START STORE-544 ========
L1 STORE=1 NT=0 addr=8 length=4 cl_id=0 sets=64 location=0
======== END STORE-544 ========
======== START STORE-545 ========
L1 STORE=1 NT=0 addr=8 length=4 cl_id=0 sets=64 location=0
======== END STORE-545 ========
======== START STORE-546 ========
L1 STORE=1 NT=0 addr=8 length=4 cl_id=0 sets=64 location=0
======== END STORE-546 ========
======== START STORE-547 ========
L1 STORE=1 NT=0 addr=8 length=4 cl_id=0 sets=64 location=0
======== END STORE-547 ========
======== START STORE-548 ========
L1 STORE=1 NT=0 addr=8 length=4 cl_id=0 sets=64 location=0
======== END STORE-548 ========
======== START STORE-549 ========
L1 STORE=1 NT=0 addr=8 length=4 cl_id=0 sets=64 location=0
======== END STORE-549 ========
======== START STORE-550 ========
L1 STORE=1 NT=0 addr=8 length=4 cl_id=0 sets=64 location=0
======== END STORE-550 ========
======== START STORE-551 ========
L1 STORE=1 NT=0 addr=8 length=4 cl_id=0 sets=64 location=0
======== END STORE-551 ========
======== START STORE-552 ========
L1 STORE=1 NT=0 addr=8 length=4 cl_id=0 sets=64 location=0
======== END STORE-552 ========
======== START STORE-553 ========
L1 STORE=1 NT=0 addr=8 length=4 cl_id=0 sets=64 location=0
======== END STORE-553 ========
======== START STORE-554 ========
L1 STORE=1 NT=0 addr=8 length=4 cl_id=0 sets=64 location=0
======== END STORE-554 ========
======== START STORE-555 ========
L1 STORE=1 NT=0 addr=8 length=4 cl_id=0 sets=64 location=0
======== END STORE-555 ========
======== START STORE-556 ========
L1 STORE=1 NT=0 addr=8 length=4 cl_id=0 sets=64 location=0
======== END STORE-556 ========
======== START STORE-557 ========
L1 STORE=1 NT=0 addr=8 length=4 cl_id=0 sets=64 location=0
======== END STORE-557 ========
======== START STORE-558 ========
L1 STORE=1 NT=0 addr=8 length=4 cl_id=0 sets=64 location=0
======== END STORE-558 ========
======== START STORE-559 ========
L1 STORE=1 NT=0 addr=8 length=4 cl_id=0 sets=64 location=0
======== END STORE-559 ========
======== START STORE-560 ========
L1 STORE=1 NT=0 addr=8 length=4 cl_id=0 sets=64 location=0
======== END STORE-560 ========
======== START STORE-561 ========
L1 STORE=1 NT=0 addr=8 length=4 cl_id=0 sets=64 location=0
======== END STORE-561 ========
======== START STORE-562 ========
L1 STORE=1 NT=0 addr=8 length=4 cl_id=0 sets=64 location=0
======== END STORE-562 ========
======== START STORE-563 ========
L1 STORE=1 NT=0 addr=8 length=4 cl_id=0 sets=64 location=0
======== END STORE-563 ========
======== START STORE-564 ========
L1 STORE=1 NT=0 addr=8 length=4 cl_id=0 sets=64 location=0
======== END STORE-564 ========
======== START STORE-565 ========
L1 STORE=1 NT=0 addr=8 length=4 cl_id=0 sets=64 location=0
======== END STORE-565 ========
======== START STORE-566 ========
L1 STORE=1 NT=0 addr=8 length=4 cl_id=0 sets=64 location=0
======== END STORE-566 ========
======== START STORE-567 ========
L1 STORE=1 NT=0 addr=8 length=4 cl_id=0 sets=64 location=0
======== END STORE-567 ========
======== START STORE-568 ========
L1 STORE=1 NT=0 addr=8 length=4 cl_id=0 sets=64 location=0
======== END STORE-568 ========
======== START STORE-569 ========
L1 STORE=1 NT=0 addr=8 length=4 cl_id=0 sets=64 location=0
======== END STORE-569 ========
======== START STORE-570 ========
L1 STORE=1 NT=0 addr=8 length=4 cl_id=0 sets=64 location=0
======== END STORE-570 ========
======== START STORE-571 ========
L1 STORE=1 NT=0 addr=8 length=4 cl_id=0 sets=64 location=0
======== END STORE-571 ========
======== START STORE-572 ========
L1 STORE=1 NT=0 addr=8 length=4 cl_id=0 sets=64 location=0
======== END STORE-572 ========
======== START STORE-573 ========
L1 STORE=1 NT=0 addr=8 length=4 cl_id=0 sets=64 location=0
======== END STORE-573 ========
======== START STORE-574 ========
L1 STORE=1 NT=0 addr=8 length=4 cl_id=0 sets=64 location=0
======== END STORE-574 ========
======== START STORE-575 ========
L1 STORE=1 NT=0 addr=8 length=4 cl_id=0 sets=64 location=0
======== END STORE-575 ========
======== START STORE-576 ========
L1 STORE=1 NT=0 addr=8 length=4 cl_id=0 sets=64 location=0
======== END STORE-576 ========
======== START STORE-577 ========
L1 STORE=1 NT=0 addr=8 length=4 cl_id=0 sets=64 location=0
======== END STORE-577 ========
======== START STORE-578 ========
L1 STORE=1 NT=0 addr=8 length=4 cl_id=0 sets=64 location=0
======== END STORE-578 ========
======== START STORE-579 ========
L1 STORE=1 NT=0 addr=8 length=4 cl_id=0 sets=64 location=0
======== END STORE-579 ========
======== START STORE-580 ========
L1 STORE=1 NT=0 addr=8 length=4 cl_id=0 sets=64 location=0
======== END STORE-580 ========
======== START STORE-581 ========
L1 STORE=1 NT=0 addr=8 length=4 cl_id=0 sets=64 location=0
======== END STORE-581 ========
======== START STORE-582 ========
L1 STORE=1 NT=0 addr=8 length=4 cl_id=0 sets=64 location=0
======== END STORE-582 ========
======== START STORE-583 ========
L1 STORE=1 NT=0 addr=8 length=4 cl_id=0 sets=64 location=0
======== END STORE-583 ========
======== START STORE-584 ========
L1 STORE=1 NT=0 addr=8 length=4 cl_id=0 sets=64 location=0
======== END STORE-584 ========
======== START STORE-585 ========
L1 STORE=1 NT=0 addr=8 length=4 cl_id=0 sets=64 location=0
======== END STORE-585 ========
======== START STORE-586 ========
L1 STORE=1 NT=0 addr=8 length=4 cl_id=0 sets=64 location=0
======== END STORE-586 ========
======== START STORE-587 ========
L1 STORE=1 NT=0 addr=8 length=4 cl_id=0 sets=64 location=0
======== END STORE-587 ========
======== START STORE-588 ========
L1 STORE=1 NT=0 addr=8 length=4 cl_id=0 sets=64 location=0
======== END STORE-588 ========
======== START STORE-589 ========
L1 STORE=1 NT=0 addr=8 length=4 cl_id=0 sets=64 location=0
======== END STORE-589 ========
======== START STORE-590 ========
L1 STORE=1 NT=0 addr=8 length=4 cl_id=0 sets=64 location=0
======== END STORE-590 ========
======== START STORE-591 ========
L1 STORE=1 NT=0 addr=8 length=4 cl_id=0 sets=64 location=0
======== END STORE-591 ========
======== START STORE-592 ========
L1 STORE=1 NT=0 addr=8 length=4 cl_id=0 sets=64 location=0
======== END STORE-592 ========
======== START STORE-593 ========
L1 STORE=1 NT=0 addr=8 length=4 cl_id=0 sets=64 location=0
======== END STORE-593 ========
======== START STORE-594 ========
L1 STORE=1 NT=0 addr=8 length=4 cl_id=0 sets=64 location=0
======== END STORE-594 ========
======== START STORE-595 ========
L1 STORE=1 NT=0 addr=8 length=4 cl_id=0 sets=64 location=0
======== END STORE-595 ========
======== START STORE-596 ========
L1 STORE=1 NT=0 addr=8 length=4 cl_id=0 sets=64 location=0
======== END STORE-596 ========
======== START STORE-597 ========
L1 STORE=1 NT=0 addr=8 length=4 cl_id=0 sets=64 location=0
======== END STORE-597 ========
======== START STORE-598 ========
L1 STORE=1 NT=0 addr=8 length=4 cl_id=0 sets=64 location=0
======== END STORE-598 ========
======== START STORE-599 ========
L1 STORE=1 NT=0 addr=8 length=4 cl_id=0 sets=64 location=0
======== END STORE-599 ========
======== START STORE-600 ========
L1 STORE=1 NT=0 addr=8 length=4 cl_id=0 sets=64 location=0
======== END STORE-600 ========
======== START STORE-601 ========
L1 STORE=1 NT=0 addr=8 length=4 cl_id=0 sets=64 location=0
======== END STORE-601 ========
======== START STORE-602 ========
L1 STORE=1 NT=0 addr=8 length=4 cl_id=0 sets=64 location=0
======== END STORE-602 ========
======== START STORE-603 ========
L1 STORE=1 NT=0 addr=8 length=4 cl_id=0 sets=64 location=0
======== END STORE-603 ========
======== START STORE-604 ========
L1 STORE=1 NT=0 addr=8 length=4 cl_id=0 sets=64 location=0
======== END STORE-604 ========
======== START STORE-605 ========
L1 STORE=1 NT=0 addr=8 length=4 cl_id=0 sets=64 location=0
======== END STORE-605 ========
======== START STORE-606 ========
L1 STORE=1 NT=0 addr=8 length=4 cl_id=0 sets=64 location=0
======== END STORE-606 ========
======== START STORE-607 ========
L1 STORE=1 NT=0 addr=8 length=4 cl_id=0 sets=64 location=0
======== END STORE-607 ========
======== START STORE-608 ========
L1 STORE=1 NT=0 addr=8 length=4 cl_id=0 sets=64 location=0
======== END STORE-608 ========
======== START STORE-609 ========
L1 STORE=1 NT=0 addr=8 length=4 cl_id=0 sets=64 location=0
======== END STORE-609 ========
======== START STORE-610 ========
L1 STORE=1 NT=0 addr=8 length=4 cl_id=0 sets=64 location=0
======== END STORE-610 ========
======== START STORE-611 ========
L1 STORE=1 NT=0 addr=8 length=4 cl_id=0 sets=64 location=0
======== END STORE-611 ========
======== START STORE-612 ========
L1 STORE=1 NT=0 addr=8 length=4 cl_id=0 sets=64 location=0
======== END STORE-612 ========
======== START STORE-613 ========
L1 STORE=1 NT=0 addr=8 length=4 cl_id=0 sets=64 location=0
======== END STORE-613 ========
======== START STORE-614 ========
L1 STORE=1 NT=0 addr=8 length=4 cl_id=0 sets=64 location=0
======== END STORE-614 ========
======== START STORE-615 ========
L1 STORE=1 NT=0 addr=8 length=4 cl_id=0 sets=64 location=0
======== END STORE-615 ========
======== START STORE-616 ========
L1 STORE=1 NT=0 addr=8 length=4 cl_id=0 sets=64 location=0
======== END STORE-616 ========
======== START STORE-617 ========
L1 STORE=1 NT=0 addr=8 length=4 cl_id=0 sets=64 location=0
======== END STORE-617 ========
======== START STORE-618 ========
L1 STORE=1 NT=0 addr=8 length=4 cl_id=0 sets=64 location=0
======== END STORE-618 ========
======== START STORE-619 ========
L1 STORE=1 NT=0 addr=8 length=4 cl_id=0 sets=64 location=0
======== END STORE-619 ========
======== START STORE-620 ========
L1 STORE=1 NT=0 addr=8 length=4 cl_id=0 sets=64 location=0
======== END STORE-620 ========
======== START STORE-621 ========
L1 STORE=1 NT=0 addr=8 length=4 cl_id=0 sets=64 location=0
======== END STORE-621 ========
======== START STORE-622 ========
L1 STORE=1 NT=0 addr=8 length=4 cl_id=0 sets=64 location=0
======== END STORE-622 ========
======== START STORE-623 ========
L1 STORE=1 NT=0 addr=8 length=4 cl_id=0 sets=64 location=0
======== END STORE-623 ========
======== START STORE-624 ========
L1 STORE=1 NT=0 addr=8 length=4 cl_id=0 sets=64 location=0
======== END STORE-624 ========
======== START STORE-625 ========
L1 STORE=1 NT=0 addr=8 length=4 cl_id=0 sets=64 location=0
======== END STORE-625 ========
======== START STORE-626 ========
L1 STORE=1 NT=0 addr=8 length=4 cl_id=0 sets=64 location=0
======== END STORE-626 ========
======== START STORE-627 ========
L1 STORE=1 NT=0 addr=8 length=4 cl_id=0 sets=64 location=0
======== END STORE-627 ========
======== START STORE-628 ========
L1 STORE=1 NT=0 addr=8 length=4 cl_id=0 sets=64 location=0
======== END STORE-628 ========
======== START STORE-629 ========
L1 STORE=1 NT=0 addr=8 length=4 cl_id=0 sets=64 location=0
======== END STORE-629 ========
======== START STORE-630 ========
L1 STORE=1 NT=0 addr=8 length=4 cl_id=0 sets=64 location=0
======== END STORE-630 ========
======== START STORE-631 ========
L1 STORE=1 NT=0 addr=8 length=4 cl_id=0 sets=64 location=0
======== END STORE-631 ========
======== START STORE-632 ========
L1 STORE=1 NT=0 addr=8 length=4 cl_id=0 sets=64 location=0
======== END STORE-632 ========
======== START STORE-633 ========
L1 STORE=1 NT=0 addr=8 length=4 cl_id=0 sets=64 location=0
======== END STORE-633 ========
======== START STORE-634 ========
L1 STORE=1 NT=0 addr=8 length=4 cl_id=0 sets=64 location=0
======== END STORE-634 ========
======== START STORE-635 ========
L1 STORE=1 NT=0 addr=8 length=4 cl_id=0 sets=64 location=0
======== END STORE-635 ========
======== START STORE-636 ========
L1 STORE=1 NT=0 addr=8 length=4 cl_id=0 sets=64 location=0
======== END STORE-636 ========
======== START STORE-637 ========
L1 STORE=1 NT=0 addr=8 length=4 cl_id=0 sets=64 location=0
======== END STORE-637 ========
======== START STORE-638 ========
L1 STORE=1 NT=0 addr=8 length=4 cl_id=0 sets=64 location=0
======== END STORE-638 ========
======== START STORE-639 ========
L1 STORE=1 NT=0 addr=8 length=4 cl_id=0 sets=64 location=0
======== END STORE-639 ========
======== START STORE-640 ========
L1 STORE=1 NT=0 addr=8 length=4 cl_id=0 sets=64 location=0
======== END STORE-640 ========
======== START STORE-641 ========
L1 STORE=1 NT=0 addr=8 length=4 cl_id=0 sets=64 location=0
======== END STORE-641 ========
======== START STORE-642 ========
L1 STORE=1 NT=0 addr=8 length=4 cl_id=0 sets=64 location=0
======== END STORE-642 ========
======== START STORE-643 ========
L1 STORE=1 NT=0 addr=8 length=4 cl_id=0 sets=64 location=0
======== END STORE-643 ========
======== START STORE-644 ========
L1 STORE=1 NT=0 addr=8 length=4 cl_id=0 sets=64 location=0
======== END STORE-644 ========
======== START STORE-645 ========
L1 STORE=1 NT=0 addr=8 length=4 cl_id=0 sets=64 location=0
======== END STORE-645 ========
======== START STORE-646 ========
L1 STORE=1 NT=0 addr=8 length=4 cl_id=0 sets=64 location=0
======== END STORE-646 ========
======== START STORE-647 ========
L1 STORE=1 NT=0 addr=8 length=4 cl_id=0 sets=64 location=0
======== END STORE-647 ========
======== START STORE-648 ========
L1 STORE=1 NT=0 addr=8 length=4 cl_id=0 sets=64 location=0
======== END STORE-648 ========
======== START STORE-649 ========
L1 STORE=1 NT=0 addr=8 length=4 cl_id=0 sets=64 location=0
======== END STORE-649 ========
======== START STORE-650 ========
L1 STORE=1 NT=0 addr=8 length=4 cl_id=0 sets=64 location=0
======== END STORE-650 ========
======== START STORE-651 ========
L1 STORE=1 NT=0 addr=8 length=4 cl_id=0 sets=64 location=0
======== END STORE-651 ========
======== START STORE-652 ========
L1 STORE=1 NT=0 addr=8 length=4 cl_id=0 sets=64 location=0
======== END STORE-652 ========
======== START STORE-653 ========
L1 STORE=1 NT=0 addr=8 length=4 cl_id=0 sets=64 location=0
======== END STORE-653 ========
======== START STORE-654 ========
L1 STORE=1 NT=0 addr=8 length=4 cl_id=0 sets=64 location=0
======== END STORE-654 ========
======== START STORE-655 ========
L1 STORE=1 NT=0 addr=8 length=4 cl_id=0 sets=64 location=0
======== END STORE-655 ========
======== START STORE-656 ========
L1 STORE=1 NT=0 addr=8 length=4 cl_id=0 sets=64 location=0
======== END STORE-656 ========
======== START STORE-657 ========
L1 STORE=1 NT=0 addr=8 length=4 cl_id=0 sets=64 location=0
======== END STORE-657 ========
======== START STORE-658 ========
L1 STORE=1 NT=0 addr=8 length=4 cl_id=0 sets=64 location=0
======== END STORE-658 ========
======== START STORE-659 ========
L1 STORE=1 NT=0 addr=8 length=4 cl_id=0 sets=64 location=0
======== END STORE-659 ========
======== START STORE-660 ========
L1 STORE=1 NT=0 addr=8 length=4 cl_id=0 sets=64 location=0
======== END STORE-660 ========
======== START STORE-661 ========
L1 STORE=1 NT=0 addr=8 length=4 cl_id=0 sets=64 location=0
======== END STORE-661 ========
======== START STORE-662 ========
L1 STORE=1 NT=0 addr=8 length=4 cl_id=0 sets=64 location=0
======== END STORE-662 ========
======== START STORE-663 ========
L1 STORE=1 NT=0 addr=8 length=4 cl_id=0 sets=64 location=0
======== END STORE-663 ========
======== START STORE-664 ========
L1 STORE=1 NT=0 addr=8 length=4 cl_id=0 sets=64 location=0
======== END STORE-664 ========
======== START STORE-665 ========
L1 STORE=1 NT=0 addr=8 length=4 cl_id=0 sets=64 location=0
======== END STORE-665 ========
======== START STORE-666 ========
L1 STORE=1 NT=0 addr=8 length=4 cl_id=0 sets=64 location=0
======== END STORE-666 ========
======== START STORE-667 ========
L1 STORE=1 NT=0 addr=8 length=4 cl_id=0 sets=64 location=0
======== END STORE-667 ========
======== START STORE-668 ========
L1 STORE=1 NT=0 addr=8 length=4 cl_id=0 sets=64 location=0
======== END STORE-668 ========
======== START STORE-669 ========
L1 STORE=1 NT=0 addr=8 length=4 cl_id=0 sets=64 location=0
======== END STORE-669 ========
======== START STORE-670 ========
L1 STORE=1 NT=0 addr=8 length=4 cl_id=0 sets=64 location=0
======== END STORE-670 ========
======== START STORE-671 ========
L1 STORE=1 NT=0 addr=8 length=4 cl_id=0 sets=64 location=0
======== END STORE-671 ========
======== START STORE-672 ========
L1 STORE=1 NT=0 addr=8 length=4 cl_id=0 sets=64 location=0
======== END STORE-672 ========
======== START STORE-673 ========
L1 STORE=1 NT=0 addr=8 length=4 cl_id=0 sets=64 location=0
======== END STORE-673 ========
======== START STORE-674 ========
L1 STORE=1 NT=0 addr=8 length=4 cl_id=0 sets=64 location=0
======== END STORE-674 ========
======== START STORE-675 ========
L1 STORE=1 NT=0 addr=8 length=4 cl_id=0 sets=64 location=0
======== END STORE-675 ========
======== START STORE-676 ========
L1 STORE=1 NT=0 addr=8 length=4 cl_id=0 sets=64 location=0
======== END STORE-676 ========
======== START STORE-677 ========
L1 STORE=1 NT=0 addr=8 length=4 cl_id=0 sets=64 location=0
======== END STORE-677 ========
======== START STORE-678 ========
L1 STORE=1 NT=0 addr=8 length=4 cl_id=0 sets=64 location=0
======== END STORE-678 ========
======== START STORE-679 ========
L1 STORE=1 NT=0 addr=8 length=4 cl_id=0 sets=64 location=0
======== END STORE-679 ========
======== START STORE-680 ========
L1 STORE=1 NT=0 addr=8 length=4 cl_id=0 sets=64 location=0
======== END STORE-680 ========
======== START STORE-681 ========
L1 STORE=1 NT=0 addr=8 length=4 cl_id=0 sets=64 location=0
======== END STORE-681 ========
======== START STORE-682 ========
L1 STORE=1 NT=0 addr=8 length=4 cl_id=0 sets=64 location=0
======== END STORE-682 ========
======== START STORE-683 ========
L1 STORE=1 NT=0 addr=8 length=4 cl_id=0 sets=64 location=0
======== END STORE-683 ========
======== START STORE-684 ========
L1 STORE=1 NT=0 addr=8 length=4 cl_id=0 sets=64 location=0
======== END STORE-684 ========
======== START STORE-685 ========
L1 STORE=1 NT=0 addr=8 length=4 cl_id=0 sets=64 location=0
======== END STORE-685 ========
======== START STORE-686 ========
L1 STORE=1 NT=0 addr=8 length=4 cl_id=0 sets=64 location=0
======== END STORE-686 ========
======== START STORE-687 ========
L1 STORE=1 NT=0 addr=8 length=4 cl_id=0 sets=64 location=0
======== END STORE-687 ========
======== START STORE-688 ========
L1 STORE=1 NT=0 addr=8 length=4 cl_id=0 sets=64 location=0
======== END STORE-688 ========
======== START STORE-689 ========
L1 STORE=1 NT=0 addr=8 length=4 cl_id=0 sets=64 location=0
======== END STORE-689 ========
======== START STORE-690 ========
L1 STORE=1 NT=0 addr=8 length=4 cl_id=0 sets=64 location=0
======== END STORE-690 ========
======== START STORE-691 ========
L1 STORE=1 NT=0 addr=8 length=4 cl_id=0 sets=64 location=0
======== END STORE-691 ========
======== START STORE-692 ========
L1 STORE=1 NT=0 addr=8 length=4 cl_id=0 sets=64 location=0
======== END STORE-692 ========
======== START STORE-693 ========
L1 STORE=1 NT=0 addr=8 length=4 cl_id=0 sets=64 location=0
======== END STORE-693 ========
======== START STORE-694 ========
L1 STORE=1 NT=0 addr=8 length=4 cl_id=0 sets=64 location=0
======== END STORE-694 ========
======== START STORE-695 ========
L1 STORE=1 NT=0 addr=8 length=4 cl_id=0 sets=64 location=0
======== END STORE-695 ========
======== START STORE-696 ========
L1 STORE=1 NT=0 addr=8 length=4 cl_id=0 sets=64 location=0
======== END STORE-696 ========
======== START STORE-697 ========
L1 STORE=1 NT=0 addr=8 length=4 cl_id=0 sets=64 location=0
======== END STORE-697 ========
======== START STORE-698 ========
L1 STORE=1 NT=0 addr=8 length=4 cl_id=0 sets=64 location=0
======== END STORE-698 ========
======== START STORE-699 ========
L1 STORE=1 NT=0 addr=8 length=4 cl_id=0 sets=64 location=0
======== END STORE-699 ========
======== START STORE-700 ========
L1 STORE=1 NT=0 addr=8 length=4 cl_id=0 sets=64 location=0
======== END STORE-700 ========
======== START STORE-701 ========
L1 STORE=1 NT=0 addr=8 length=4 cl_id=0 sets=64 location=0
======== END STORE-701 ========
======== START STORE-702 ========
L1 STORE=1 NT=0 addr=8 length=4 cl_id=0 sets=64 location=0
======== END STORE-702 ========
======== START STORE-703 ========
L1 STORE=1 NT=0 addr=8 length=4 cl_id=0 sets=64 location=0
======== END STORE-703 ========
======== START STORE-704 ========
L1 STORE=1 NT=0 addr=8 length=4 cl_id=0 sets=64 location=0
======== END STORE-704 ========
======== START STORE-705 ========
L1 STORE=1 NT=0 addr=8 length=4 cl_id=0 sets=64 location=0
======== END STORE-705 ========
======== START STORE-706 ========
L1 STORE=1 NT=0 addr=8 length=4 cl_id=0 sets=64 location=0
======== END STORE-706 ========
======== START STORE-707 ========
L1 STORE=1 NT=0 addr=8 length=4 cl_id=0 sets=64 location=0
======== END STORE-707 ========
======== START STORE-708 ========
L1 STORE=1 NT=0 addr=8 length=4 cl_id=0 sets=64 location=0
======== END STORE-708 ========
======== START STORE-709 ========
L1 STORE=1 NT=0 addr=8 length=4 cl_id=0 sets=64 location=0
======== END STORE-709 ========
======== START STORE-710 ========
L1 STORE=1 NT=0 addr=8 length=4 cl_id=0 sets=64 location=0
======== END STORE-710 ========
======== START STORE-711 ========
L1 STORE=1 NT=0 addr=8 length=4 cl_id=0 sets=64 location=0
======== END STORE-711 ========
======== START STORE-712 ========
L1 STORE=1 NT=0 addr=8 length=4 cl_id=0 sets=64 location=0
======== END STORE-712 ========
======== START STORE-713 ========
L1 STORE=1 NT=0 addr=8 length=4 cl_id=0 sets=64 location=0
======== END STORE-713 ========
======== START STORE-714 ========
L1 STORE=1 NT=0 addr=8 length=4 cl_id=0 sets=64 location=0
======== END STORE-714 ========
======== START STORE-715 ========
L1 STORE=1 NT=0 addr=8 length=4 cl_id=0 sets=64 location=0
======== END STORE-715 ========
======== START STORE-716 ========
L1 STORE=1 NT=0 addr=8 length=4 cl_id=0 sets=64 location=0
======== END STORE-716 ========
======== START STORE-717 ========
L1 STORE=1 NT=0 addr=8 length=4 cl_id=0 sets=64 location=0
======== END STORE-717 ========
======== START STORE-718 ========
L1 STORE=1 NT=0 addr=8 length=4 cl_id=0 sets=64 location=0
======== END STORE-718 ========
======== START STORE-719 ========
L1 STORE=1 NT=0 addr=8 length=4 cl_id=0 sets=64 location=0
======== END STORE-719 ========
======== START STORE-720 ========
L1 STORE=1 NT=0 addr=8 length=4 cl_id=0 sets=64 location=0
======== END STORE-720 ========
======== START STORE-721 ========
L1 STORE=1 NT=0 addr=8 length=4 cl_id=0 sets=64 location=0
======== END STORE-721 ========
======== START STORE-722 ========
L1 STORE=1 NT=0 addr=8 length=4 cl_id=0 sets=64 location=0
======== END STORE-722 ========
======== START STORE-723 ========
L1 STORE=1 NT=0 addr=8 length=4 cl_id=0 sets=64 location=0
======== END STORE-723 ========
======== START STORE-724 ========
L1 STORE=1 NT=0 addr=8 length=4 cl_id=0 sets=64 location=0
======== END STORE-724 ========
======== START STORE-725 ========
L1 STORE=1 NT=0 addr=8 length=4 cl_id=0 sets=64 location=0
======== END STORE-725 ========
======== START STORE-726 ========
L1 STORE=1 NT=0 addr=8 length=4 cl_id=0 sets=64 location=0
======== END STORE-726 ========
======== START STORE-727 ========
L1 STORE=1 NT=0 addr=8 length=4 cl_id=0 sets=64 location=0
======== END STORE-727 ========
======== START STORE-728 ========
L1 STORE=1 NT=0 addr=8 length=4 cl_id=0 sets=64 location=0
======== END STORE-728 ========
======== START STORE-729 ========
L1 STORE=1 NT=0 addr=8 length=4 cl_id=0 sets=64 location=0
======== END STORE-729 ========
======== START STORE-730 ========
L1 STORE=1 NT=0 addr=8 length=4 cl_id=0 sets=64 location=0
======== END STORE-730 ========
======== START STORE-731 ========
L1 STORE=1 NT=0 addr=8 length=4 cl_id=0 sets=64 location=0
======== END STORE-731 ========
======== START STORE-732 ========
L1 STORE=1 NT=0 addr=8 length=4 cl_id=0 sets=64 location=0
======== END STORE-732 ========
======== START STORE-733 ========
L1 STORE=1 NT=0 addr=8 length=4 cl_id=0 sets=64 location=0
======== END STORE-733 ========
======== START STORE-734 ========
L1 STORE=1 NT=0 addr=8 length=4 cl_id=0 sets=64 location=0
======== END STORE-734 ========
======== START STORE-735 ========
L1 STORE=1 NT=0 addr=8 length=4 cl_id=0 sets=64 location=0
======== END STORE-735 ========
======== START STORE-736 ========
L1 STORE=1 NT=0 addr=8 length=4 cl_id=0 sets=64 location=0
======== END STORE-736 ========
======== START STORE-737 ========
L1 STORE=1 NT=0 addr=8 length=4 cl_id=0 sets=64 location=0
======== END STORE-737 ========
======== START STORE-738 ========
L1 STORE=1 NT=0 addr=8 length=4 cl_id=0 sets=64 location=0
======== END STORE-738 ========
======== START STORE-739 ========
L1 STORE=1 NT=0 addr=8 length=4 cl_id=0 sets=64 location=0
======== END STORE-739 ========
======== START STORE-740 ========
L1 STORE=1 NT=0 addr=8 length=4 cl_id=0 sets=64 location=0
======== END STORE-740 ========
======== START STORE-741 ========
L1 STORE=1 NT=0 addr=8 length=4 cl_id=0 sets=64 location=0
======== END STORE-741 ========
======== START STORE-742 ========
L1 STORE=1 NT=0 addr=8 length=4 cl_id=0 sets=64 location=0
======== END STORE-742 ========
======== START STORE-743 ========
L1 STORE=1 NT=0 addr=8 length=4 cl_id=0 sets=64 location=0
======== END STORE-743 ========
======== START STORE-744 ========
L1 STORE=1 NT=0 addr=8 length=4 cl_id=0 sets=64 location=0
======== END STORE-744 ========
======== START STORE-745 ========
L1 STORE=1 NT=0 addr=8 length=4 cl_id=0 sets=64 location=0
======== END STORE-745 ========
======== START STORE-746 ========
L1 STORE=1 NT=0 addr=8 length=4 cl_id=0 sets=64 location=0
======== END STORE-746 ========
======== START STORE-747 ========
L1 STORE=1 NT=0 addr=8 length=4 cl_id=0 sets=64 location=0
======== END STORE-747 ========
======== START STORE-748 ========
L1 STORE=1 NT=0 addr=8 length=4 cl_id=0 sets=64 location=0
======== END STORE-748 ========
======== START STORE-749 ========
L1 STORE=1 NT=0 addr=8 length=4 cl_id=0 sets=64 location=0
======== END STORE-749 ========
======== START STORE-750 ========
L1 STORE=1 NT=0 addr=8 length=4 cl_id=0 sets=64 location=0
======== END STORE-750 ========
======== START STORE-751 ========
L1 STORE=1 NT=0 addr=8 length=4 cl_id=0 sets=64 location=0
======== END STORE-751 ========
======== START STORE-752 ========
L1 STORE=1 NT=0 addr=8 length=4 cl_id=0 sets=64 location=0
======== END STORE-752 ========
======== START STORE-753 ========
L1 STORE=1 NT=0 addr=8 length=4 cl_id=0 sets=64 location=0
======== END STORE-753 ========
======== START STORE-754 ========
L1 STORE=1 NT=0 addr=8 length=4 cl_id=0 sets=64 location=0
======== END STORE-754 ========
======== START STORE-755 ========
L1 STORE=1 NT=0 addr=8 length=4 cl_id=0 sets=64 location=0
======== END STORE-755 ========
======== START STORE-756 ========
L1 STORE=1 NT=0 addr=8 length=4 cl_id=0 sets=64 location=0
======== END STORE-756 ========
======== START STORE-757 ========
L1 STORE=1 NT=0 addr=8 length=4 cl_id=0 sets=64 location=0
======== END STORE-757 ========
======== START STORE-758 ========
L1 STORE=1 NT=0 addr=8 length=4 cl_id=0 sets=64 location=0
======== END STORE-758 ========
======== START STORE-759 ========
L1 STORE=1 NT=0 addr=8 length=4 cl_id=0 sets=64 location=0
======== END STORE-759 ========
======== START STORE-760 ========
L1 STORE=1 NT=0 addr=8 length=4 cl_id=0 sets=64 location=0
======== END STORE-760 ========
======== START STORE-761 ========
L1 STORE=1 NT=0 addr=8 length=4 cl_id=0 sets=64 location=0
======== END STORE-761 ========
======== START STORE-762 ========
L1 STORE=1 NT=0 addr=8 length=4 cl_id=0 sets=64 location=0
======== END STORE-762 ========
======== START STORE-763 ========
L1 STORE=1 NT=0 addr=8 length=4 cl_id=0 sets=64 location=0
======== END STORE-763 ========
======== START STORE-764 ========
L1 STORE=1 NT=0 addr=8 length=4 cl_id=0 sets=64 location=0
======== END STORE-764 ========
======== START STORE-765 ========
L1 STORE=1 NT=0 addr=8 length=4 cl_id=0 sets=64 location=0
======== END STORE-765 ========
======== START STORE-766 ========
L1 STORE=1 NT=0 addr=8 length=4 cl_id=0 sets=64 location=0
======== END STORE-766 ========
======== START STORE-767 ========
L1 STORE=1 NT=0 addr=8 length=4 cl_id=0 sets=64 location=0
======== END STORE-767 ========
======== START STORE-768 ========
L1 STORE=1 NT=0 addr=8 length=4 cl_id=0 sets=64 location=0
======== END STORE-768 ========
======== START STORE-769 ========
L1 STORE=1 NT=0 addr=8 length=4 cl_id=0 sets=64 location=0
======== END STORE-769 ========
